{"$message_type":"diagnostic","message":"can't find crate for `std`","code":{"code":"E0463","explanation":"A crate was declared but cannot be found.\n\nErroneous code example:\n\n```compile_fail,E0463\nextern crate foo; // error: can't find crate\n```\n\nYou need to link your code to the relevant crate in order to be able to use it\n(through Cargo or the `-L` option of rustc, for example).\n\n## Common causes\n\n- The crate is not present at all. If using Cargo, add it to `[dependencies]`\n  in Cargo.toml.\n- The crate is present, but under a different name. If using Cargo, look for\n  `package = ` under `[dependencies]` in Cargo.toml.\n\n## Common causes for missing `std` or `core`\n\n- You are cross-compiling for a target which doesn't have `std` prepackaged.\n  Consider one of the following:\n  + Adding a pre-compiled version of std with `rustup target add`\n  + Building std from source with `cargo build -Z build-std`\n  + Using `#![no_std]` at the crate root, so you won't need `std` in the first\n    place.\n- You are developing the compiler itself and haven't built libstd from source.\n  You can usually build it with `x.py build library/std`. More information\n  about x.py is available in the [rustc-dev-guide].\n\n[rustc-dev-guide]: https://rustc-dev-guide.rust-lang.org/building/how-to-build-and-run.html#building-the-compiler\n"},"level":"error","spans":[{"file_name":"groves\\glimmer_weave\\tests\\interpreter_tests.rs","byte_start":0,"byte_end":0,"line_start":1,"line_end":1,"column_start":1,"column_end":1,"is_primary":true,"text":[],"label":"can't find crate","suggested_replacement":null,"suggestion_applicability":null,"expansion":null}],"children":[{"message":"the `x86_64-aethelos` target may not support the standard library","code":null,"level":"note","spans":[],"children":[],"rendered":null},{"message":"`std` is required by `interpreter_tests` because it does not declare `#![no_std]`","code":null,"level":"note","spans":[],"children":[],"rendered":null},{"message":"consider building the standard library from source with `cargo build -Zbuild-std`","code":null,"level":"help","spans":[],"children":[],"rendered":null}],"rendered":"\u001b[1m\u001b[91merror[E0463]\u001b[0m\u001b[1m\u001b[97m: can't find crate for `std`\u001b[0m\n  \u001b[1m\u001b[96m|\u001b[0m\n  \u001b[1m\u001b[96m= \u001b[0m\u001b[1m\u001b[97mnote\u001b[0m: the `x86_64-aethelos` target may not support the standard library\n  \u001b[1m\u001b[96m= \u001b[0m\u001b[1m\u001b[97mnote\u001b[0m: `std` is required by `interpreter_tests` because it does not declare `#![no_std]`\n  \u001b[1m\u001b[96m= \u001b[0m\u001b[1m\u001b[97mhelp\u001b[0m: consider building the standard library from source with `cargo build -Zbuild-std`\n\n"}
{"$message_type":"diagnostic","message":"cannot resolve a prelude import","code":null,"level":"error","spans":[{"file_name":"groves\\glimmer_weave\\tests\\interpreter_tests.rs","byte_start":0,"byte_end":0,"line_start":1,"line_end":1,"column_start":1,"column_end":1,"is_primary":true,"text":[],"label":null,"suggested_replacement":null,"suggestion_applicability":null,"expansion":null}],"children":[],"rendered":"\u001b[1m\u001b[91merror\u001b[0m\u001b[1m\u001b[97m: cannot resolve a prelude import\u001b[0m\n\n"}
{"$message_type":"diagnostic","message":"can't find crate for `test`","code":{"code":"E0463","explanation":"A crate was declared but cannot be found.\n\nErroneous code example:\n\n```compile_fail,E0463\nextern crate foo; // error: can't find crate\n```\n\nYou need to link your code to the relevant crate in order to be able to use it\n(through Cargo or the `-L` option of rustc, for example).\n\n## Common causes\n\n- The crate is not present at all. If using Cargo, add it to `[dependencies]`\n  in Cargo.toml.\n- The crate is present, but under a different name. If using Cargo, look for\n  `package = ` under `[dependencies]` in Cargo.toml.\n\n## Common causes for missing `std` or `core`\n\n- You are cross-compiling for a target which doesn't have `std` prepackaged.\n  Consider one of the following:\n  + Adding a pre-compiled version of std with `rustup target add`\n  + Building std from source with `cargo build -Z build-std`\n  + Using `#![no_std]` at the crate root, so you won't need `std` in the first\n    place.\n- You are developing the compiler itself and haven't built libstd from source.\n  You can usually build it with `x.py build library/std`. More information\n  about x.py is available in the [rustc-dev-guide].\n\n[rustc-dev-guide]: https://rustc-dev-guide.rust-lang.org/building/how-to-build-and-run.html#building-the-compiler\n"},"level":"error","spans":[{"file_name":"groves\\glimmer_weave\\tests\\interpreter_tests.rs","byte_start":0,"byte_end":0,"line_start":1,"line_end":1,"column_start":1,"column_end":1,"is_primary":true,"text":[],"label":"can't find crate","suggested_replacement":null,"suggestion_applicability":null,"expansion":null}],"children":[],"rendered":"\u001b[1m\u001b[91merror[E0463]\u001b[0m\u001b[1m\u001b[97m: can't find crate for `test`\u001b[0m\n\n"}
{"$message_type":"diagnostic","message":"cannot find attribute `test` in this scope","code":null,"level":"error","spans":[{"file_name":"groves\\glimmer_weave\\tests\\interpreter_tests.rs","byte_start":8023,"byte_end":8027,"line_start":391,"line_end":391,"column_start":3,"column_end":7,"is_primary":true,"text":[{"text":"#[test]","highlight_start":3,"highlight_end":7}],"label":null,"suggested_replacement":null,"suggestion_applicability":null,"expansion":null}],"children":[{"message":"consider importing this attribute macro","code":null,"level":"help","spans":[{"file_name":"groves\\glimmer_weave\\tests\\interpreter_tests.rs","byte_start":134,"byte_end":134,"line_start":5,"line_end":5,"column_start":1,"column_end":1,"is_primary":true,"text":[{"text":"use glimmer_weave::{Lexer, Parser, Evaluator, Value};","highlight_start":1,"highlight_end":1}],"label":null,"suggested_replacement":"use core::prelude::rust_2024::test;\n","suggestion_applicability":"MaybeIncorrect","expansion":null}],"children":[],"rendered":null}],"rendered":"\u001b[1m\u001b[91merror\u001b[0m\u001b[1m\u001b[97m: cannot find attribute `test` in this scope\u001b[0m\n   \u001b[1m\u001b[96m--> \u001b[0mgroves\\glimmer_weave\\tests\\interpreter_tests.rs:391:3\n    \u001b[1m\u001b[96m|\u001b[0m\n\u001b[1m\u001b[96m391\u001b[0m \u001b[1m\u001b[96m|\u001b[0m #[test]\n    \u001b[1m\u001b[96m|\u001b[0m   \u001b[1m\u001b[91m^^^^\u001b[0m\n    \u001b[1m\u001b[96m|\u001b[0m\n\u001b[1m\u001b[96mhelp\u001b[0m: consider importing this attribute macro\n    \u001b[1m\u001b[96m|\u001b[0m\n  \u001b[1m\u001b[96m5\u001b[0m \u001b[92m+ use core::prelude::rust_2024::test;\u001b[0m\n    \u001b[1m\u001b[96m|\u001b[0m\n\n"}
{"$message_type":"diagnostic","message":"cannot find macro `assert` in this scope","code":null,"level":"error","spans":[{"file_name":"groves\\glimmer_weave\\tests\\interpreter_tests.rs","byte_start":8162,"byte_end":8168,"line_start":401,"line_end":401,"column_start":5,"column_end":11,"is_primary":true,"text":[{"text":"    assert!(result.is_err(), \"Should fail with arity mismatch\");","highlight_start":5,"highlight_end":11}],"label":null,"suggested_replacement":null,"suggestion_applicability":null,"expansion":null}],"children":[{"message":"consider importing this macro","code":null,"level":"help","spans":[{"file_name":"groves\\glimmer_weave\\tests\\interpreter_tests.rs","byte_start":134,"byte_end":134,"line_start":5,"line_end":5,"column_start":1,"column_end":1,"is_primary":true,"text":[{"text":"use glimmer_weave::{Lexer, Parser, Evaluator, Value};","highlight_start":1,"highlight_end":1}],"label":null,"suggested_replacement":"use core::assert;\n","suggestion_applicability":"MaybeIncorrect","expansion":null}],"children":[],"rendered":null}],"rendered":"\u001b[1m\u001b[91merror\u001b[0m\u001b[1m\u001b[97m: cannot find macro `assert` in this scope\u001b[0m\n   \u001b[1m\u001b[96m--> \u001b[0mgroves\\glimmer_weave\\tests\\interpreter_tests.rs:401:5\n    \u001b[1m\u001b[96m|\u001b[0m\n\u001b[1m\u001b[96m401\u001b[0m \u001b[1m\u001b[96m|\u001b[0m     assert!(result.is_err(), \"Should fail with arity mismatch\");\n    \u001b[1m\u001b[96m|\u001b[0m     \u001b[1m\u001b[91m^^^^^^\u001b[0m\n    \u001b[1m\u001b[96m|\u001b[0m\n\u001b[1m\u001b[96mhelp\u001b[0m: consider importing this macro\n    \u001b[1m\u001b[96m|\u001b[0m\n  \u001b[1m\u001b[96m5\u001b[0m \u001b[92m+ use core::assert;\u001b[0m\n    \u001b[1m\u001b[96m|\u001b[0m\n\n"}
{"$message_type":"diagnostic","message":"cannot find attribute `test` in this scope","code":null,"level":"error","spans":[{"file_name":"groves\\glimmer_weave\\tests\\interpreter_tests.rs","byte_start":7879,"byte_end":7883,"line_start":385,"line_end":385,"column_start":3,"column_end":7,"is_primary":true,"text":[{"text":"#[test]","highlight_start":3,"highlight_end":7}],"label":null,"suggested_replacement":null,"suggestion_applicability":null,"expansion":null}],"children":[{"message":"consider importing this attribute macro","code":null,"level":"help","spans":[{"file_name":"groves\\glimmer_weave\\tests\\interpreter_tests.rs","byte_start":134,"byte_end":134,"line_start":5,"line_end":5,"column_start":1,"column_end":1,"is_primary":true,"text":[{"text":"use glimmer_weave::{Lexer, Parser, Evaluator, Value};","highlight_start":1,"highlight_end":1}],"label":null,"suggested_replacement":"use core::prelude::rust_2024::test;\n","suggestion_applicability":"MaybeIncorrect","expansion":null}],"children":[],"rendered":null}],"rendered":"\u001b[1m\u001b[91merror\u001b[0m\u001b[1m\u001b[97m: cannot find attribute `test` in this scope\u001b[0m\n   \u001b[1m\u001b[96m--> \u001b[0mgroves\\glimmer_weave\\tests\\interpreter_tests.rs:385:3\n    \u001b[1m\u001b[96m|\u001b[0m\n\u001b[1m\u001b[96m385\u001b[0m \u001b[1m\u001b[96m|\u001b[0m #[test]\n    \u001b[1m\u001b[96m|\u001b[0m   \u001b[1m\u001b[91m^^^^\u001b[0m\n    \u001b[1m\u001b[96m|\u001b[0m\n\u001b[1m\u001b[96mhelp\u001b[0m: consider importing this attribute macro\n    \u001b[1m\u001b[96m|\u001b[0m\n  \u001b[1m\u001b[96m5\u001b[0m \u001b[92m+ use core::prelude::rust_2024::test;\u001b[0m\n    \u001b[1m\u001b[96m|\u001b[0m\n\n"}
{"$message_type":"diagnostic","message":"cannot find macro `assert` in this scope","code":null,"level":"error","spans":[{"file_name":"groves\\glimmer_weave\\tests\\interpreter_tests.rs","byte_start":7961,"byte_end":7967,"line_start":388,"line_end":388,"column_start":5,"column_end":11,"is_primary":true,"text":[{"text":"    assert!(result.is_err(), \"Should fail with type error\");","highlight_start":5,"highlight_end":11}],"label":null,"suggested_replacement":null,"suggestion_applicability":null,"expansion":null}],"children":[{"message":"consider importing this macro","code":null,"level":"help","spans":[{"file_name":"groves\\glimmer_weave\\tests\\interpreter_tests.rs","byte_start":134,"byte_end":134,"line_start":5,"line_end":5,"column_start":1,"column_end":1,"is_primary":true,"text":[{"text":"use glimmer_weave::{Lexer, Parser, Evaluator, Value};","highlight_start":1,"highlight_end":1}],"label":null,"suggested_replacement":"use core::assert;\n","suggestion_applicability":"MaybeIncorrect","expansion":null}],"children":[],"rendered":null}],"rendered":"\u001b[1m\u001b[91merror\u001b[0m\u001b[1m\u001b[97m: cannot find macro `assert` in this scope\u001b[0m\n   \u001b[1m\u001b[96m--> \u001b[0mgroves\\glimmer_weave\\tests\\interpreter_tests.rs:388:5\n    \u001b[1m\u001b[96m|\u001b[0m\n\u001b[1m\u001b[96m388\u001b[0m \u001b[1m\u001b[96m|\u001b[0m     assert!(result.is_err(), \"Should fail with type error\");\n    \u001b[1m\u001b[96m|\u001b[0m     \u001b[1m\u001b[91m^^^^^^\u001b[0m\n    \u001b[1m\u001b[96m|\u001b[0m\n\u001b[1m\u001b[96mhelp\u001b[0m: consider importing this macro\n    \u001b[1m\u001b[96m|\u001b[0m\n  \u001b[1m\u001b[96m5\u001b[0m \u001b[92m+ use core::assert;\u001b[0m\n    \u001b[1m\u001b[96m|\u001b[0m\n\n"}
{"$message_type":"diagnostic","message":"cannot find attribute `test` in this scope","code":null,"level":"error","spans":[{"file_name":"groves\\glimmer_weave\\tests\\interpreter_tests.rs","byte_start":7679,"byte_end":7683,"line_start":375,"line_end":375,"column_start":3,"column_end":7,"is_primary":true,"text":[{"text":"#[test]","highlight_start":3,"highlight_end":7}],"label":null,"suggested_replacement":null,"suggestion_applicability":null,"expansion":null}],"children":[{"message":"consider importing this attribute macro","code":null,"level":"help","spans":[{"file_name":"groves\\glimmer_weave\\tests\\interpreter_tests.rs","byte_start":134,"byte_end":134,"line_start":5,"line_end":5,"column_start":1,"column_end":1,"is_primary":true,"text":[{"text":"use glimmer_weave::{Lexer, Parser, Evaluator, Value};","highlight_start":1,"highlight_end":1}],"label":null,"suggested_replacement":"use core::prelude::rust_2024::test;\n","suggestion_applicability":"MaybeIncorrect","expansion":null}],"children":[],"rendered":null}],"rendered":"\u001b[1m\u001b[91merror\u001b[0m\u001b[1m\u001b[97m: cannot find attribute `test` in this scope\u001b[0m\n   \u001b[1m\u001b[96m--> \u001b[0mgroves\\glimmer_weave\\tests\\interpreter_tests.rs:375:3\n    \u001b[1m\u001b[96m|\u001b[0m\n\u001b[1m\u001b[96m375\u001b[0m \u001b[1m\u001b[96m|\u001b[0m #[test]\n    \u001b[1m\u001b[96m|\u001b[0m   \u001b[1m\u001b[91m^^^^\u001b[0m\n    \u001b[1m\u001b[96m|\u001b[0m\n\u001b[1m\u001b[96mhelp\u001b[0m: consider importing this attribute macro\n    \u001b[1m\u001b[96m|\u001b[0m\n  \u001b[1m\u001b[96m5\u001b[0m \u001b[92m+ use core::prelude::rust_2024::test;\u001b[0m\n    \u001b[1m\u001b[96m|\u001b[0m\n\n"}
{"$message_type":"diagnostic","message":"cannot find macro `assert` in this scope","code":null,"level":"error","spans":[{"file_name":"groves\\glimmer_weave\\tests\\interpreter_tests.rs","byte_start":7808,"byte_end":7814,"line_start":382,"line_end":382,"column_start":5,"column_end":11,"is_primary":true,"text":[{"text":"    assert!(result.is_err(), \"Should fail with index out of bounds\");","highlight_start":5,"highlight_end":11}],"label":null,"suggested_replacement":null,"suggestion_applicability":null,"expansion":null}],"children":[{"message":"consider importing this macro","code":null,"level":"help","spans":[{"file_name":"groves\\glimmer_weave\\tests\\interpreter_tests.rs","byte_start":134,"byte_end":134,"line_start":5,"line_end":5,"column_start":1,"column_end":1,"is_primary":true,"text":[{"text":"use glimmer_weave::{Lexer, Parser, Evaluator, Value};","highlight_start":1,"highlight_end":1}],"label":null,"suggested_replacement":"use core::assert;\n","suggestion_applicability":"MaybeIncorrect","expansion":null}],"children":[],"rendered":null}],"rendered":"\u001b[1m\u001b[91merror\u001b[0m\u001b[1m\u001b[97m: cannot find macro `assert` in this scope\u001b[0m\n   \u001b[1m\u001b[96m--> \u001b[0mgroves\\glimmer_weave\\tests\\interpreter_tests.rs:382:5\n    \u001b[1m\u001b[96m|\u001b[0m\n\u001b[1m\u001b[96m382\u001b[0m \u001b[1m\u001b[96m|\u001b[0m     assert!(result.is_err(), \"Should fail with index out of bounds\");\n    \u001b[1m\u001b[96m|\u001b[0m     \u001b[1m\u001b[91m^^^^^^\u001b[0m\n    \u001b[1m\u001b[96m|\u001b[0m\n\u001b[1m\u001b[96mhelp\u001b[0m: consider importing this macro\n    \u001b[1m\u001b[96m|\u001b[0m\n  \u001b[1m\u001b[96m5\u001b[0m \u001b[92m+ use core::assert;\u001b[0m\n    \u001b[1m\u001b[96m|\u001b[0m\n\n"}
{"$message_type":"diagnostic","message":"cannot find attribute `test` in this scope","code":null,"level":"error","spans":[{"file_name":"groves\\glimmer_weave\\tests\\interpreter_tests.rs","byte_start":7540,"byte_end":7544,"line_start":369,"line_end":369,"column_start":3,"column_end":7,"is_primary":true,"text":[{"text":"#[test]","highlight_start":3,"highlight_end":7}],"label":null,"suggested_replacement":null,"suggestion_applicability":null,"expansion":null}],"children":[{"message":"consider importing this attribute macro","code":null,"level":"help","spans":[{"file_name":"groves\\glimmer_weave\\tests\\interpreter_tests.rs","byte_start":134,"byte_end":134,"line_start":5,"line_end":5,"column_start":1,"column_end":1,"is_primary":true,"text":[{"text":"use glimmer_weave::{Lexer, Parser, Evaluator, Value};","highlight_start":1,"highlight_end":1}],"label":null,"suggested_replacement":"use core::prelude::rust_2024::test;\n","suggestion_applicability":"MaybeIncorrect","expansion":null}],"children":[],"rendered":null}],"rendered":"\u001b[1m\u001b[91merror\u001b[0m\u001b[1m\u001b[97m: cannot find attribute `test` in this scope\u001b[0m\n   \u001b[1m\u001b[96m--> \u001b[0mgroves\\glimmer_weave\\tests\\interpreter_tests.rs:369:3\n    \u001b[1m\u001b[96m|\u001b[0m\n\u001b[1m\u001b[96m369\u001b[0m \u001b[1m\u001b[96m|\u001b[0m #[test]\n    \u001b[1m\u001b[96m|\u001b[0m   \u001b[1m\u001b[91m^^^^\u001b[0m\n    \u001b[1m\u001b[96m|\u001b[0m\n\u001b[1m\u001b[96mhelp\u001b[0m: consider importing this attribute macro\n    \u001b[1m\u001b[96m|\u001b[0m\n  \u001b[1m\u001b[96m5\u001b[0m \u001b[92m+ use core::prelude::rust_2024::test;\u001b[0m\n    \u001b[1m\u001b[96m|\u001b[0m\n\n"}
{"$message_type":"diagnostic","message":"cannot find macro `assert` in this scope","code":null,"level":"error","spans":[{"file_name":"groves\\glimmer_weave\\tests\\interpreter_tests.rs","byte_start":7611,"byte_end":7617,"line_start":372,"line_end":372,"column_start":5,"column_end":11,"is_primary":true,"text":[{"text":"    assert!(result.is_err(), \"Should fail with division by zero\");","highlight_start":5,"highlight_end":11}],"label":null,"suggested_replacement":null,"suggestion_applicability":null,"expansion":null}],"children":[{"message":"consider importing this macro","code":null,"level":"help","spans":[{"file_name":"groves\\glimmer_weave\\tests\\interpreter_tests.rs","byte_start":134,"byte_end":134,"line_start":5,"line_end":5,"column_start":1,"column_end":1,"is_primary":true,"text":[{"text":"use glimmer_weave::{Lexer, Parser, Evaluator, Value};","highlight_start":1,"highlight_end":1}],"label":null,"suggested_replacement":"use core::assert;\n","suggestion_applicability":"MaybeIncorrect","expansion":null}],"children":[],"rendered":null}],"rendered":"\u001b[1m\u001b[91merror\u001b[0m\u001b[1m\u001b[97m: cannot find macro `assert` in this scope\u001b[0m\n   \u001b[1m\u001b[96m--> \u001b[0mgroves\\glimmer_weave\\tests\\interpreter_tests.rs:372:5\n    \u001b[1m\u001b[96m|\u001b[0m\n\u001b[1m\u001b[96m372\u001b[0m \u001b[1m\u001b[96m|\u001b[0m     assert!(result.is_err(), \"Should fail with division by zero\");\n    \u001b[1m\u001b[96m|\u001b[0m     \u001b[1m\u001b[91m^^^^^^\u001b[0m\n    \u001b[1m\u001b[96m|\u001b[0m\n\u001b[1m\u001b[96mhelp\u001b[0m: consider importing this macro\n    \u001b[1m\u001b[96m|\u001b[0m\n  \u001b[1m\u001b[96m5\u001b[0m \u001b[92m+ use core::assert;\u001b[0m\n    \u001b[1m\u001b[96m|\u001b[0m\n\n"}
{"$message_type":"diagnostic","message":"cannot find attribute `test` in this scope","code":null,"level":"error","spans":[{"file_name":"groves\\glimmer_weave\\tests\\interpreter_tests.rs","byte_start":7340,"byte_end":7344,"line_start":359,"line_end":359,"column_start":3,"column_end":7,"is_primary":true,"text":[{"text":"#[test]","highlight_start":3,"highlight_end":7}],"label":null,"suggested_replacement":null,"suggestion_applicability":null,"expansion":null}],"children":[{"message":"consider importing this attribute macro","code":null,"level":"help","spans":[{"file_name":"groves\\glimmer_weave\\tests\\interpreter_tests.rs","byte_start":134,"byte_end":134,"line_start":5,"line_end":5,"column_start":1,"column_end":1,"is_primary":true,"text":[{"text":"use glimmer_weave::{Lexer, Parser, Evaluator, Value};","highlight_start":1,"highlight_end":1}],"label":null,"suggested_replacement":"use core::prelude::rust_2024::test;\n","suggestion_applicability":"MaybeIncorrect","expansion":null}],"children":[],"rendered":null}],"rendered":"\u001b[1m\u001b[91merror\u001b[0m\u001b[1m\u001b[97m: cannot find attribute `test` in this scope\u001b[0m\n   \u001b[1m\u001b[96m--> \u001b[0mgroves\\glimmer_weave\\tests\\interpreter_tests.rs:359:3\n    \u001b[1m\u001b[96m|\u001b[0m\n\u001b[1m\u001b[96m359\u001b[0m \u001b[1m\u001b[96m|\u001b[0m #[test]\n    \u001b[1m\u001b[96m|\u001b[0m   \u001b[1m\u001b[91m^^^^\u001b[0m\n    \u001b[1m\u001b[96m|\u001b[0m\n\u001b[1m\u001b[96mhelp\u001b[0m: consider importing this attribute macro\n    \u001b[1m\u001b[96m|\u001b[0m\n  \u001b[1m\u001b[96m5\u001b[0m \u001b[92m+ use core::prelude::rust_2024::test;\u001b[0m\n    \u001b[1m\u001b[96m|\u001b[0m\n\n"}
{"$message_type":"diagnostic","message":"cannot find macro `assert` in this scope","code":null,"level":"error","spans":[{"file_name":"groves\\glimmer_weave\\tests\\interpreter_tests.rs","byte_start":7467,"byte_end":7473,"line_start":366,"line_end":366,"column_start":5,"column_end":11,"is_primary":true,"text":[{"text":"    assert!(result.is_err(), \"Should fail mutating immutable binding\");","highlight_start":5,"highlight_end":11}],"label":null,"suggested_replacement":null,"suggestion_applicability":null,"expansion":null}],"children":[{"message":"consider importing this macro","code":null,"level":"help","spans":[{"file_name":"groves\\glimmer_weave\\tests\\interpreter_tests.rs","byte_start":134,"byte_end":134,"line_start":5,"line_end":5,"column_start":1,"column_end":1,"is_primary":true,"text":[{"text":"use glimmer_weave::{Lexer, Parser, Evaluator, Value};","highlight_start":1,"highlight_end":1}],"label":null,"suggested_replacement":"use core::assert;\n","suggestion_applicability":"MaybeIncorrect","expansion":null}],"children":[],"rendered":null}],"rendered":"\u001b[1m\u001b[91merror\u001b[0m\u001b[1m\u001b[97m: cannot find macro `assert` in this scope\u001b[0m\n   \u001b[1m\u001b[96m--> \u001b[0mgroves\\glimmer_weave\\tests\\interpreter_tests.rs:366:5\n    \u001b[1m\u001b[96m|\u001b[0m\n\u001b[1m\u001b[96m366\u001b[0m \u001b[1m\u001b[96m|\u001b[0m     assert!(result.is_err(), \"Should fail mutating immutable binding\");\n    \u001b[1m\u001b[96m|\u001b[0m     \u001b[1m\u001b[91m^^^^^^\u001b[0m\n    \u001b[1m\u001b[96m|\u001b[0m\n\u001b[1m\u001b[96mhelp\u001b[0m: consider importing this macro\n    \u001b[1m\u001b[96m|\u001b[0m\n  \u001b[1m\u001b[96m5\u001b[0m \u001b[92m+ use core::assert;\u001b[0m\n    \u001b[1m\u001b[96m|\u001b[0m\n\n"}
{"$message_type":"diagnostic","message":"cannot find attribute `test` in this scope","code":null,"level":"error","spans":[{"file_name":"groves\\glimmer_weave\\tests\\interpreter_tests.rs","byte_start":7184,"byte_end":7188,"line_start":353,"line_end":353,"column_start":3,"column_end":7,"is_primary":true,"text":[{"text":"#[test]","highlight_start":3,"highlight_end":7}],"label":null,"suggested_replacement":null,"suggestion_applicability":null,"expansion":null}],"children":[{"message":"consider importing this attribute macro","code":null,"level":"help","spans":[{"file_name":"groves\\glimmer_weave\\tests\\interpreter_tests.rs","byte_start":134,"byte_end":134,"line_start":5,"line_end":5,"column_start":1,"column_end":1,"is_primary":true,"text":[{"text":"use glimmer_weave::{Lexer, Parser, Evaluator, Value};","highlight_start":1,"highlight_end":1}],"label":null,"suggested_replacement":"use core::prelude::rust_2024::test;\n","suggestion_applicability":"MaybeIncorrect","expansion":null}],"children":[],"rendered":null}],"rendered":"\u001b[1m\u001b[91merror\u001b[0m\u001b[1m\u001b[97m: cannot find attribute `test` in this scope\u001b[0m\n   \u001b[1m\u001b[96m--> \u001b[0mgroves\\glimmer_weave\\tests\\interpreter_tests.rs:353:3\n    \u001b[1m\u001b[96m|\u001b[0m\n\u001b[1m\u001b[96m353\u001b[0m \u001b[1m\u001b[96m|\u001b[0m #[test]\n    \u001b[1m\u001b[96m|\u001b[0m   \u001b[1m\u001b[91m^^^^\u001b[0m\n    \u001b[1m\u001b[96m|\u001b[0m\n\u001b[1m\u001b[96mhelp\u001b[0m: consider importing this attribute macro\n    \u001b[1m\u001b[96m|\u001b[0m\n  \u001b[1m\u001b[96m5\u001b[0m \u001b[92m+ use core::prelude::rust_2024::test;\u001b[0m\n    \u001b[1m\u001b[96m|\u001b[0m\n\n"}
{"$message_type":"diagnostic","message":"cannot find macro `assert` in this scope","code":null,"level":"error","spans":[{"file_name":"groves\\glimmer_weave\\tests\\interpreter_tests.rs","byte_start":7270,"byte_end":7276,"line_start":356,"line_end":356,"column_start":5,"column_end":11,"is_primary":true,"text":[{"text":"    assert!(result.is_err(), \"Should fail with undefined variable\");","highlight_start":5,"highlight_end":11}],"label":null,"suggested_replacement":null,"suggestion_applicability":null,"expansion":null}],"children":[{"message":"consider importing this macro","code":null,"level":"help","spans":[{"file_name":"groves\\glimmer_weave\\tests\\interpreter_tests.rs","byte_start":134,"byte_end":134,"line_start":5,"line_end":5,"column_start":1,"column_end":1,"is_primary":true,"text":[{"text":"use glimmer_weave::{Lexer, Parser, Evaluator, Value};","highlight_start":1,"highlight_end":1}],"label":null,"suggested_replacement":"use core::assert;\n","suggestion_applicability":"MaybeIncorrect","expansion":null}],"children":[],"rendered":null}],"rendered":"\u001b[1m\u001b[91merror\u001b[0m\u001b[1m\u001b[97m: cannot find macro `assert` in this scope\u001b[0m\n   \u001b[1m\u001b[96m--> \u001b[0mgroves\\glimmer_weave\\tests\\interpreter_tests.rs:356:5\n    \u001b[1m\u001b[96m|\u001b[0m\n\u001b[1m\u001b[96m356\u001b[0m \u001b[1m\u001b[96m|\u001b[0m     assert!(result.is_err(), \"Should fail with undefined variable\");\n    \u001b[1m\u001b[96m|\u001b[0m     \u001b[1m\u001b[91m^^^^^^\u001b[0m\n    \u001b[1m\u001b[96m|\u001b[0m\n\u001b[1m\u001b[96mhelp\u001b[0m: consider importing this macro\n    \u001b[1m\u001b[96m|\u001b[0m\n  \u001b[1m\u001b[96m5\u001b[0m \u001b[92m+ use core::assert;\u001b[0m\n    \u001b[1m\u001b[96m|\u001b[0m\n\n"}
{"$message_type":"diagnostic","message":"cannot find attribute `test` in this scope","code":null,"level":"error","spans":[{"file_name":"groves\\glimmer_weave\\tests\\interpreter_tests.rs","byte_start":6917,"byte_end":6921,"line_start":335,"line_end":335,"column_start":3,"column_end":7,"is_primary":true,"text":[{"text":"#[test]","highlight_start":3,"highlight_end":7}],"label":null,"suggested_replacement":null,"suggestion_applicability":null,"expansion":null}],"children":[{"message":"consider importing this attribute macro","code":null,"level":"help","spans":[{"file_name":"groves\\glimmer_weave\\tests\\interpreter_tests.rs","byte_start":134,"byte_end":134,"line_start":5,"line_end":5,"column_start":1,"column_end":1,"is_primary":true,"text":[{"text":"use glimmer_weave::{Lexer, Parser, Evaluator, Value};","highlight_start":1,"highlight_end":1}],"label":null,"suggested_replacement":"use core::prelude::rust_2024::test;\n","suggestion_applicability":"MaybeIncorrect","expansion":null}],"children":[],"rendered":null}],"rendered":"\u001b[1m\u001b[91merror\u001b[0m\u001b[1m\u001b[97m: cannot find attribute `test` in this scope\u001b[0m\n   \u001b[1m\u001b[96m--> \u001b[0mgroves\\glimmer_weave\\tests\\interpreter_tests.rs:335:3\n    \u001b[1m\u001b[96m|\u001b[0m\n\u001b[1m\u001b[96m335\u001b[0m \u001b[1m\u001b[96m|\u001b[0m #[test]\n    \u001b[1m\u001b[96m|\u001b[0m   \u001b[1m\u001b[91m^^^^\u001b[0m\n    \u001b[1m\u001b[96m|\u001b[0m\n\u001b[1m\u001b[96mhelp\u001b[0m: consider importing this attribute macro\n    \u001b[1m\u001b[96m|\u001b[0m\n  \u001b[1m\u001b[96m5\u001b[0m \u001b[92m+ use core::prelude::rust_2024::test;\u001b[0m\n    \u001b[1m\u001b[96m|\u001b[0m\n\n"}
{"$message_type":"diagnostic","message":"cannot find attribute `test` in this scope","code":null,"level":"error","spans":[{"file_name":"groves\\glimmer_weave\\tests\\interpreter_tests.rs","byte_start":6661,"byte_end":6665,"line_start":319,"line_end":319,"column_start":3,"column_end":7,"is_primary":true,"text":[{"text":"#[test]","highlight_start":3,"highlight_end":7}],"label":null,"suggested_replacement":null,"suggestion_applicability":null,"expansion":null}],"children":[{"message":"consider importing this attribute macro","code":null,"level":"help","spans":[{"file_name":"groves\\glimmer_weave\\tests\\interpreter_tests.rs","byte_start":134,"byte_end":134,"line_start":5,"line_end":5,"column_start":1,"column_end":1,"is_primary":true,"text":[{"text":"use glimmer_weave::{Lexer, Parser, Evaluator, Value};","highlight_start":1,"highlight_end":1}],"label":null,"suggested_replacement":"use core::prelude::rust_2024::test;\n","suggestion_applicability":"MaybeIncorrect","expansion":null}],"children":[],"rendered":null}],"rendered":"\u001b[1m\u001b[91merror\u001b[0m\u001b[1m\u001b[97m: cannot find attribute `test` in this scope\u001b[0m\n   \u001b[1m\u001b[96m--> \u001b[0mgroves\\glimmer_weave\\tests\\interpreter_tests.rs:319:3\n    \u001b[1m\u001b[96m|\u001b[0m\n\u001b[1m\u001b[96m319\u001b[0m \u001b[1m\u001b[96m|\u001b[0m #[test]\n    \u001b[1m\u001b[96m|\u001b[0m   \u001b[1m\u001b[91m^^^^\u001b[0m\n    \u001b[1m\u001b[96m|\u001b[0m\n\u001b[1m\u001b[96mhelp\u001b[0m: consider importing this attribute macro\n    \u001b[1m\u001b[96m|\u001b[0m\n  \u001b[1m\u001b[96m5\u001b[0m \u001b[92m+ use core::prelude::rust_2024::test;\u001b[0m\n    \u001b[1m\u001b[96m|\u001b[0m\n\n"}
{"$message_type":"diagnostic","message":"cannot find attribute `test` in this scope","code":null,"level":"error","spans":[{"file_name":"groves\\glimmer_weave\\tests\\interpreter_tests.rs","byte_start":6430,"byte_end":6434,"line_start":309,"line_end":309,"column_start":3,"column_end":7,"is_primary":true,"text":[{"text":"#[test]","highlight_start":3,"highlight_end":7}],"label":null,"suggested_replacement":null,"suggestion_applicability":null,"expansion":null}],"children":[{"message":"consider importing this attribute macro","code":null,"level":"help","spans":[{"file_name":"groves\\glimmer_weave\\tests\\interpreter_tests.rs","byte_start":134,"byte_end":134,"line_start":5,"line_end":5,"column_start":1,"column_end":1,"is_primary":true,"text":[{"text":"use glimmer_weave::{Lexer, Parser, Evaluator, Value};","highlight_start":1,"highlight_end":1}],"label":null,"suggested_replacement":"use core::prelude::rust_2024::test;\n","suggestion_applicability":"MaybeIncorrect","expansion":null}],"children":[],"rendered":null}],"rendered":"\u001b[1m\u001b[91merror\u001b[0m\u001b[1m\u001b[97m: cannot find attribute `test` in this scope\u001b[0m\n   \u001b[1m\u001b[96m--> \u001b[0mgroves\\glimmer_weave\\tests\\interpreter_tests.rs:309:3\n    \u001b[1m\u001b[96m|\u001b[0m\n\u001b[1m\u001b[96m309\u001b[0m \u001b[1m\u001b[96m|\u001b[0m #[test]\n    \u001b[1m\u001b[96m|\u001b[0m   \u001b[1m\u001b[91m^^^^\u001b[0m\n    \u001b[1m\u001b[96m|\u001b[0m\n\u001b[1m\u001b[96mhelp\u001b[0m: consider importing this attribute macro\n    \u001b[1m\u001b[96m|\u001b[0m\n  \u001b[1m\u001b[96m5\u001b[0m \u001b[92m+ use core::prelude::rust_2024::test;\u001b[0m\n    \u001b[1m\u001b[96m|\u001b[0m\n\n"}
{"$message_type":"diagnostic","message":"cannot find attribute `test` in this scope","code":null,"level":"error","spans":[{"file_name":"groves\\glimmer_weave\\tests\\interpreter_tests.rs","byte_start":6264,"byte_end":6268,"line_start":295,"line_end":295,"column_start":3,"column_end":7,"is_primary":true,"text":[{"text":"#[test]","highlight_start":3,"highlight_end":7}],"label":null,"suggested_replacement":null,"suggestion_applicability":null,"expansion":null}],"children":[{"message":"consider importing this attribute macro","code":null,"level":"help","spans":[{"file_name":"groves\\glimmer_weave\\tests\\interpreter_tests.rs","byte_start":134,"byte_end":134,"line_start":5,"line_end":5,"column_start":1,"column_end":1,"is_primary":true,"text":[{"text":"use glimmer_weave::{Lexer, Parser, Evaluator, Value};","highlight_start":1,"highlight_end":1}],"label":null,"suggested_replacement":"use core::prelude::rust_2024::test;\n","suggestion_applicability":"MaybeIncorrect","expansion":null}],"children":[],"rendered":null}],"rendered":"\u001b[1m\u001b[91merror\u001b[0m\u001b[1m\u001b[97m: cannot find attribute `test` in this scope\u001b[0m\n   \u001b[1m\u001b[96m--> \u001b[0mgroves\\glimmer_weave\\tests\\interpreter_tests.rs:295:3\n    \u001b[1m\u001b[96m|\u001b[0m\n\u001b[1m\u001b[96m295\u001b[0m \u001b[1m\u001b[96m|\u001b[0m #[test]\n    \u001b[1m\u001b[96m|\u001b[0m   \u001b[1m\u001b[91m^^^^\u001b[0m\n    \u001b[1m\u001b[96m|\u001b[0m\n\u001b[1m\u001b[96mhelp\u001b[0m: consider importing this attribute macro\n    \u001b[1m\u001b[96m|\u001b[0m\n  \u001b[1m\u001b[96m5\u001b[0m \u001b[92m+ use core::prelude::rust_2024::test;\u001b[0m\n    \u001b[1m\u001b[96m|\u001b[0m\n\n"}
{"$message_type":"diagnostic","message":"cannot find attribute `test` in this scope","code":null,"level":"error","spans":[{"file_name":"groves\\glimmer_weave\\tests\\interpreter_tests.rs","byte_start":6070,"byte_end":6074,"line_start":283,"line_end":283,"column_start":3,"column_end":7,"is_primary":true,"text":[{"text":"#[test]","highlight_start":3,"highlight_end":7}],"label":null,"suggested_replacement":null,"suggestion_applicability":null,"expansion":null}],"children":[{"message":"consider importing this attribute macro","code":null,"level":"help","spans":[{"file_name":"groves\\glimmer_weave\\tests\\interpreter_tests.rs","byte_start":134,"byte_end":134,"line_start":5,"line_end":5,"column_start":1,"column_end":1,"is_primary":true,"text":[{"text":"use glimmer_weave::{Lexer, Parser, Evaluator, Value};","highlight_start":1,"highlight_end":1}],"label":null,"suggested_replacement":"use core::prelude::rust_2024::test;\n","suggestion_applicability":"MaybeIncorrect","expansion":null}],"children":[],"rendered":null}],"rendered":"\u001b[1m\u001b[91merror\u001b[0m\u001b[1m\u001b[97m: cannot find attribute `test` in this scope\u001b[0m\n   \u001b[1m\u001b[96m--> \u001b[0mgroves\\glimmer_weave\\tests\\interpreter_tests.rs:283:3\n    \u001b[1m\u001b[96m|\u001b[0m\n\u001b[1m\u001b[96m283\u001b[0m \u001b[1m\u001b[96m|\u001b[0m #[test]\n    \u001b[1m\u001b[96m|\u001b[0m   \u001b[1m\u001b[91m^^^^\u001b[0m\n    \u001b[1m\u001b[96m|\u001b[0m\n\u001b[1m\u001b[96mhelp\u001b[0m: consider importing this attribute macro\n    \u001b[1m\u001b[96m|\u001b[0m\n  \u001b[1m\u001b[96m5\u001b[0m \u001b[92m+ use core::prelude::rust_2024::test;\u001b[0m\n    \u001b[1m\u001b[96m|\u001b[0m\n\n"}
{"$message_type":"diagnostic","message":"cannot find attribute `test` in this scope","code":null,"level":"error","spans":[{"file_name":"groves\\glimmer_weave\\tests\\interpreter_tests.rs","byte_start":5894,"byte_end":5898,"line_start":274,"line_end":274,"column_start":3,"column_end":7,"is_primary":true,"text":[{"text":"#[test]","highlight_start":3,"highlight_end":7}],"label":null,"suggested_replacement":null,"suggestion_applicability":null,"expansion":null}],"children":[{"message":"consider importing this attribute macro","code":null,"level":"help","spans":[{"file_name":"groves\\glimmer_weave\\tests\\interpreter_tests.rs","byte_start":134,"byte_end":134,"line_start":5,"line_end":5,"column_start":1,"column_end":1,"is_primary":true,"text":[{"text":"use glimmer_weave::{Lexer, Parser, Evaluator, Value};","highlight_start":1,"highlight_end":1}],"label":null,"suggested_replacement":"use core::prelude::rust_2024::test;\n","suggestion_applicability":"MaybeIncorrect","expansion":null}],"children":[],"rendered":null}],"rendered":"\u001b[1m\u001b[91merror\u001b[0m\u001b[1m\u001b[97m: cannot find attribute `test` in this scope\u001b[0m\n   \u001b[1m\u001b[96m--> \u001b[0mgroves\\glimmer_weave\\tests\\interpreter_tests.rs:274:3\n    \u001b[1m\u001b[96m|\u001b[0m\n\u001b[1m\u001b[96m274\u001b[0m \u001b[1m\u001b[96m|\u001b[0m #[test]\n    \u001b[1m\u001b[96m|\u001b[0m   \u001b[1m\u001b[91m^^^^\u001b[0m\n    \u001b[1m\u001b[96m|\u001b[0m\n\u001b[1m\u001b[96mhelp\u001b[0m: consider importing this attribute macro\n    \u001b[1m\u001b[96m|\u001b[0m\n  \u001b[1m\u001b[96m5\u001b[0m \u001b[92m+ use core::prelude::rust_2024::test;\u001b[0m\n    \u001b[1m\u001b[96m|\u001b[0m\n\n"}
{"$message_type":"diagnostic","message":"cannot find attribute `test` in this scope","code":null,"level":"error","spans":[{"file_name":"groves\\glimmer_weave\\tests\\interpreter_tests.rs","byte_start":5500,"byte_end":5504,"line_start":259,"line_end":259,"column_start":3,"column_end":7,"is_primary":true,"text":[{"text":"#[test]","highlight_start":3,"highlight_end":7}],"label":null,"suggested_replacement":null,"suggestion_applicability":null,"expansion":null}],"children":[{"message":"consider importing this attribute macro","code":null,"level":"help","spans":[{"file_name":"groves\\glimmer_weave\\tests\\interpreter_tests.rs","byte_start":134,"byte_end":134,"line_start":5,"line_end":5,"column_start":1,"column_end":1,"is_primary":true,"text":[{"text":"use glimmer_weave::{Lexer, Parser, Evaluator, Value};","highlight_start":1,"highlight_end":1}],"label":null,"suggested_replacement":"use core::prelude::rust_2024::test;\n","suggestion_applicability":"MaybeIncorrect","expansion":null}],"children":[],"rendered":null}],"rendered":"\u001b[1m\u001b[91merror\u001b[0m\u001b[1m\u001b[97m: cannot find attribute `test` in this scope\u001b[0m\n   \u001b[1m\u001b[96m--> \u001b[0mgroves\\glimmer_weave\\tests\\interpreter_tests.rs:259:3\n    \u001b[1m\u001b[96m|\u001b[0m\n\u001b[1m\u001b[96m259\u001b[0m \u001b[1m\u001b[96m|\u001b[0m #[test]\n    \u001b[1m\u001b[96m|\u001b[0m   \u001b[1m\u001b[91m^^^^\u001b[0m\n    \u001b[1m\u001b[96m|\u001b[0m\n\u001b[1m\u001b[96mhelp\u001b[0m: consider importing this attribute macro\n    \u001b[1m\u001b[96m|\u001b[0m\n  \u001b[1m\u001b[96m5\u001b[0m \u001b[92m+ use core::prelude::rust_2024::test;\u001b[0m\n    \u001b[1m\u001b[96m|\u001b[0m\n\n"}
{"$message_type":"diagnostic","message":"cannot find macro `assert_eq` in this scope","code":null,"level":"error","spans":[{"file_name":"groves\\glimmer_weave\\tests\\interpreter_tests.rs","byte_start":5680,"byte_end":5689,"line_start":267,"line_end":267,"column_start":13,"column_end":22,"is_primary":true,"text":[{"text":"            assert_eq!(map.get(\"name\"), Some(&Value::Text(\"Elara\".to_string())));","highlight_start":13,"highlight_end":22}],"label":null,"suggested_replacement":null,"suggestion_applicability":null,"expansion":null}],"children":[{"message":"consider importing this macro","code":null,"level":"help","spans":[{"file_name":"groves\\glimmer_weave\\tests\\interpreter_tests.rs","byte_start":134,"byte_end":134,"line_start":5,"line_end":5,"column_start":1,"column_end":1,"is_primary":true,"text":[{"text":"use glimmer_weave::{Lexer, Parser, Evaluator, Value};","highlight_start":1,"highlight_end":1}],"label":null,"suggested_replacement":"use core::assert_eq;\n","suggestion_applicability":"MaybeIncorrect","expansion":null}],"children":[],"rendered":null}],"rendered":"\u001b[1m\u001b[91merror\u001b[0m\u001b[1m\u001b[97m: cannot find macro `assert_eq` in this scope\u001b[0m\n   \u001b[1m\u001b[96m--> \u001b[0mgroves\\glimmer_weave\\tests\\interpreter_tests.rs:267:13\n    \u001b[1m\u001b[96m|\u001b[0m\n\u001b[1m\u001b[96m267\u001b[0m \u001b[1m\u001b[96m|\u001b[0m             assert_eq!(map.get(\"name\"), Some(&Value::Text(\"Elara\".to_string())));\n    \u001b[1m\u001b[96m|\u001b[0m             \u001b[1m\u001b[91m^^^^^^^^^\u001b[0m\n    \u001b[1m\u001b[96m|\u001b[0m\n\u001b[1m\u001b[96mhelp\u001b[0m: consider importing this macro\n    \u001b[1m\u001b[96m|\u001b[0m\n  \u001b[1m\u001b[96m5\u001b[0m \u001b[92m+ use core::assert_eq;\u001b[0m\n    \u001b[1m\u001b[96m|\u001b[0m\n\n"}
{"$message_type":"diagnostic","message":"cannot find macro `assert_eq` in this scope","code":null,"level":"error","spans":[{"file_name":"groves\\glimmer_weave\\tests\\interpreter_tests.rs","byte_start":5762,"byte_end":5771,"line_start":268,"line_end":268,"column_start":13,"column_end":22,"is_primary":true,"text":[{"text":"            assert_eq!(map.get(\"age\"), Some(&Value::Number(42.0)));","highlight_start":13,"highlight_end":22}],"label":null,"suggested_replacement":null,"suggestion_applicability":null,"expansion":null}],"children":[{"message":"consider importing this macro","code":null,"level":"help","spans":[{"file_name":"groves\\glimmer_weave\\tests\\interpreter_tests.rs","byte_start":134,"byte_end":134,"line_start":5,"line_end":5,"column_start":1,"column_end":1,"is_primary":true,"text":[{"text":"use glimmer_weave::{Lexer, Parser, Evaluator, Value};","highlight_start":1,"highlight_end":1}],"label":null,"suggested_replacement":"use core::assert_eq;\n","suggestion_applicability":"MaybeIncorrect","expansion":null}],"children":[],"rendered":null}],"rendered":"\u001b[1m\u001b[91merror\u001b[0m\u001b[1m\u001b[97m: cannot find macro `assert_eq` in this scope\u001b[0m\n   \u001b[1m\u001b[96m--> \u001b[0mgroves\\glimmer_weave\\tests\\interpreter_tests.rs:268:13\n    \u001b[1m\u001b[96m|\u001b[0m\n\u001b[1m\u001b[96m268\u001b[0m \u001b[1m\u001b[96m|\u001b[0m             assert_eq!(map.get(\"age\"), Some(&Value::Number(42.0)));\n    \u001b[1m\u001b[96m|\u001b[0m             \u001b[1m\u001b[91m^^^^^^^^^\u001b[0m\n    \u001b[1m\u001b[96m|\u001b[0m\n\u001b[1m\u001b[96mhelp\u001b[0m: consider importing this macro\n    \u001b[1m\u001b[96m|\u001b[0m\n  \u001b[1m\u001b[96m5\u001b[0m \u001b[92m+ use core::assert_eq;\u001b[0m\n    \u001b[1m\u001b[96m|\u001b[0m\n\n"}
{"$message_type":"diagnostic","message":"cannot find macro `panic` in this scope","code":null,"level":"error","spans":[{"file_name":"groves\\glimmer_weave\\tests\\interpreter_tests.rs","byte_start":5841,"byte_end":5846,"line_start":270,"line_end":270,"column_start":14,"column_end":19,"is_primary":true,"text":[{"text":"        _ => panic!(\"Expected Map, got {:?}\", result),","highlight_start":14,"highlight_end":19}],"label":null,"suggested_replacement":null,"suggestion_applicability":null,"expansion":null}],"children":[{"message":"consider importing this macro","code":null,"level":"help","spans":[{"file_name":"groves\\glimmer_weave\\tests\\interpreter_tests.rs","byte_start":134,"byte_end":134,"line_start":5,"line_end":5,"column_start":1,"column_end":1,"is_primary":true,"text":[{"text":"use glimmer_weave::{Lexer, Parser, Evaluator, Value};","highlight_start":1,"highlight_end":1}],"label":null,"suggested_replacement":"use core::panic;\n","suggestion_applicability":"MaybeIncorrect","expansion":null}],"children":[],"rendered":null}],"rendered":"\u001b[1m\u001b[91merror\u001b[0m\u001b[1m\u001b[97m: cannot find macro `panic` in this scope\u001b[0m\n   \u001b[1m\u001b[96m--> \u001b[0mgroves\\glimmer_weave\\tests\\interpreter_tests.rs:270:14\n    \u001b[1m\u001b[96m|\u001b[0m\n\u001b[1m\u001b[96m270\u001b[0m \u001b[1m\u001b[96m|\u001b[0m         _ => panic!(\"Expected Map, got {:?}\", result),\n    \u001b[1m\u001b[96m|\u001b[0m              \u001b[1m\u001b[91m^^^^^\u001b[0m\n    \u001b[1m\u001b[96m|\u001b[0m\n\u001b[1m\u001b[96mhelp\u001b[0m: consider importing this macro\n    \u001b[1m\u001b[96m|\u001b[0m\n  \u001b[1m\u001b[96m5\u001b[0m \u001b[92m+ use core::panic;\u001b[0m\n    \u001b[1m\u001b[96m|\u001b[0m\n\n"}
{"$message_type":"diagnostic","message":"cannot find attribute `test` in this scope","code":null,"level":"error","spans":[{"file_name":"groves\\glimmer_weave\\tests\\interpreter_tests.rs","byte_start":5354,"byte_end":5358,"line_start":250,"line_end":250,"column_start":3,"column_end":7,"is_primary":true,"text":[{"text":"#[test]","highlight_start":3,"highlight_end":7}],"label":null,"suggested_replacement":null,"suggestion_applicability":null,"expansion":null}],"children":[{"message":"consider importing this attribute macro","code":null,"level":"help","spans":[{"file_name":"groves\\glimmer_weave\\tests\\interpreter_tests.rs","byte_start":134,"byte_end":134,"line_start":5,"line_end":5,"column_start":1,"column_end":1,"is_primary":true,"text":[{"text":"use glimmer_weave::{Lexer, Parser, Evaluator, Value};","highlight_start":1,"highlight_end":1}],"label":null,"suggested_replacement":"use core::prelude::rust_2024::test;\n","suggestion_applicability":"MaybeIncorrect","expansion":null}],"children":[],"rendered":null}],"rendered":"\u001b[1m\u001b[91merror\u001b[0m\u001b[1m\u001b[97m: cannot find attribute `test` in this scope\u001b[0m\n   \u001b[1m\u001b[96m--> \u001b[0mgroves\\glimmer_weave\\tests\\interpreter_tests.rs:250:3\n    \u001b[1m\u001b[96m|\u001b[0m\n\u001b[1m\u001b[96m250\u001b[0m \u001b[1m\u001b[96m|\u001b[0m #[test]\n    \u001b[1m\u001b[96m|\u001b[0m   \u001b[1m\u001b[91m^^^^\u001b[0m\n    \u001b[1m\u001b[96m|\u001b[0m\n\u001b[1m\u001b[96mhelp\u001b[0m: consider importing this attribute macro\n    \u001b[1m\u001b[96m|\u001b[0m\n  \u001b[1m\u001b[96m5\u001b[0m \u001b[92m+ use core::prelude::rust_2024::test;\u001b[0m\n    \u001b[1m\u001b[96m|\u001b[0m\n\n"}
{"$message_type":"diagnostic","message":"cannot find attribute `test` in this scope","code":null,"level":"error","spans":[{"file_name":"groves\\glimmer_weave\\tests\\interpreter_tests.rs","byte_start":4948,"byte_end":4952,"line_start":236,"line_end":236,"column_start":3,"column_end":7,"is_primary":true,"text":[{"text":"#[test]","highlight_start":3,"highlight_end":7}],"label":null,"suggested_replacement":null,"suggestion_applicability":null,"expansion":null}],"children":[{"message":"consider importing this attribute macro","code":null,"level":"help","spans":[{"file_name":"groves\\glimmer_weave\\tests\\interpreter_tests.rs","byte_start":134,"byte_end":134,"line_start":5,"line_end":5,"column_start":1,"column_end":1,"is_primary":true,"text":[{"text":"use glimmer_weave::{Lexer, Parser, Evaluator, Value};","highlight_start":1,"highlight_end":1}],"label":null,"suggested_replacement":"use core::prelude::rust_2024::test;\n","suggestion_applicability":"MaybeIncorrect","expansion":null}],"children":[],"rendered":null}],"rendered":"\u001b[1m\u001b[91merror\u001b[0m\u001b[1m\u001b[97m: cannot find attribute `test` in this scope\u001b[0m\n   \u001b[1m\u001b[96m--> \u001b[0mgroves\\glimmer_weave\\tests\\interpreter_tests.rs:236:3\n    \u001b[1m\u001b[96m|\u001b[0m\n\u001b[1m\u001b[96m236\u001b[0m \u001b[1m\u001b[96m|\u001b[0m #[test]\n    \u001b[1m\u001b[96m|\u001b[0m   \u001b[1m\u001b[91m^^^^\u001b[0m\n    \u001b[1m\u001b[96m|\u001b[0m\n\u001b[1m\u001b[96mhelp\u001b[0m: consider importing this attribute macro\n    \u001b[1m\u001b[96m|\u001b[0m\n  \u001b[1m\u001b[96m5\u001b[0m \u001b[92m+ use core::prelude::rust_2024::test;\u001b[0m\n    \u001b[1m\u001b[96m|\u001b[0m\n\n"}
{"$message_type":"diagnostic","message":"cannot find macro `assert_eq` in this scope","code":null,"level":"error","spans":[{"file_name":"groves\\glimmer_weave\\tests\\interpreter_tests.rs","byte_start":5087,"byte_end":5096,"line_start":241,"line_end":241,"column_start":13,"column_end":22,"is_primary":true,"text":[{"text":"            assert_eq!(items.len(), 3);","highlight_start":13,"highlight_end":22}],"label":null,"suggested_replacement":null,"suggestion_applicability":null,"expansion":null}],"children":[{"message":"consider importing this macro","code":null,"level":"help","spans":[{"file_name":"groves\\glimmer_weave\\tests\\interpreter_tests.rs","byte_start":134,"byte_end":134,"line_start":5,"line_end":5,"column_start":1,"column_end":1,"is_primary":true,"text":[{"text":"use glimmer_weave::{Lexer, Parser, Evaluator, Value};","highlight_start":1,"highlight_end":1}],"label":null,"suggested_replacement":"use core::assert_eq;\n","suggestion_applicability":"MaybeIncorrect","expansion":null}],"children":[],"rendered":null}],"rendered":"\u001b[1m\u001b[91merror\u001b[0m\u001b[1m\u001b[97m: cannot find macro `assert_eq` in this scope\u001b[0m\n   \u001b[1m\u001b[96m--> \u001b[0mgroves\\glimmer_weave\\tests\\interpreter_tests.rs:241:13\n    \u001b[1m\u001b[96m|\u001b[0m\n\u001b[1m\u001b[96m241\u001b[0m \u001b[1m\u001b[96m|\u001b[0m             assert_eq!(items.len(), 3);\n    \u001b[1m\u001b[96m|\u001b[0m             \u001b[1m\u001b[91m^^^^^^^^^\u001b[0m\n    \u001b[1m\u001b[96m|\u001b[0m\n\u001b[1m\u001b[96mhelp\u001b[0m: consider importing this macro\n    \u001b[1m\u001b[96m|\u001b[0m\n  \u001b[1m\u001b[96m5\u001b[0m \u001b[92m+ use core::assert_eq;\u001b[0m\n    \u001b[1m\u001b[96m|\u001b[0m\n\n"}
{"$message_type":"diagnostic","message":"cannot find macro `assert_eq` in this scope","code":null,"level":"error","spans":[{"file_name":"groves\\glimmer_weave\\tests\\interpreter_tests.rs","byte_start":5127,"byte_end":5136,"line_start":242,"line_end":242,"column_start":13,"column_end":22,"is_primary":true,"text":[{"text":"            assert_eq!(items[0], Value::Number(1.0));","highlight_start":13,"highlight_end":22}],"label":null,"suggested_replacement":null,"suggestion_applicability":null,"expansion":null}],"children":[{"message":"consider importing this macro","code":null,"level":"help","spans":[{"file_name":"groves\\glimmer_weave\\tests\\interpreter_tests.rs","byte_start":134,"byte_end":134,"line_start":5,"line_end":5,"column_start":1,"column_end":1,"is_primary":true,"text":[{"text":"use glimmer_weave::{Lexer, Parser, Evaluator, Value};","highlight_start":1,"highlight_end":1}],"label":null,"suggested_replacement":"use core::assert_eq;\n","suggestion_applicability":"MaybeIncorrect","expansion":null}],"children":[],"rendered":null}],"rendered":"\u001b[1m\u001b[91merror\u001b[0m\u001b[1m\u001b[97m: cannot find macro `assert_eq` in this scope\u001b[0m\n   \u001b[1m\u001b[96m--> \u001b[0mgroves\\glimmer_weave\\tests\\interpreter_tests.rs:242:13\n    \u001b[1m\u001b[96m|\u001b[0m\n\u001b[1m\u001b[96m242\u001b[0m \u001b[1m\u001b[96m|\u001b[0m             assert_eq!(items[0], Value::Number(1.0));\n    \u001b[1m\u001b[96m|\u001b[0m             \u001b[1m\u001b[91m^^^^^^^^^\u001b[0m\n    \u001b[1m\u001b[96m|\u001b[0m\n\u001b[1m\u001b[96mhelp\u001b[0m: consider importing this macro\n    \u001b[1m\u001b[96m|\u001b[0m\n  \u001b[1m\u001b[96m5\u001b[0m \u001b[92m+ use core::assert_eq;\u001b[0m\n    \u001b[1m\u001b[96m|\u001b[0m\n\n"}
{"$message_type":"diagnostic","message":"cannot find macro `assert_eq` in this scope","code":null,"level":"error","spans":[{"file_name":"groves\\glimmer_weave\\tests\\interpreter_tests.rs","byte_start":5181,"byte_end":5190,"line_start":243,"line_end":243,"column_start":13,"column_end":22,"is_primary":true,"text":[{"text":"            assert_eq!(items[1], Value::Number(2.0));","highlight_start":13,"highlight_end":22}],"label":null,"suggested_replacement":null,"suggestion_applicability":null,"expansion":null}],"children":[{"message":"consider importing this macro","code":null,"level":"help","spans":[{"file_name":"groves\\glimmer_weave\\tests\\interpreter_tests.rs","byte_start":134,"byte_end":134,"line_start":5,"line_end":5,"column_start":1,"column_end":1,"is_primary":true,"text":[{"text":"use glimmer_weave::{Lexer, Parser, Evaluator, Value};","highlight_start":1,"highlight_end":1}],"label":null,"suggested_replacement":"use core::assert_eq;\n","suggestion_applicability":"MaybeIncorrect","expansion":null}],"children":[],"rendered":null}],"rendered":"\u001b[1m\u001b[91merror\u001b[0m\u001b[1m\u001b[97m: cannot find macro `assert_eq` in this scope\u001b[0m\n   \u001b[1m\u001b[96m--> \u001b[0mgroves\\glimmer_weave\\tests\\interpreter_tests.rs:243:13\n    \u001b[1m\u001b[96m|\u001b[0m\n\u001b[1m\u001b[96m243\u001b[0m \u001b[1m\u001b[96m|\u001b[0m             assert_eq!(items[1], Value::Number(2.0));\n    \u001b[1m\u001b[96m|\u001b[0m             \u001b[1m\u001b[91m^^^^^^^^^\u001b[0m\n    \u001b[1m\u001b[96m|\u001b[0m\n\u001b[1m\u001b[96mhelp\u001b[0m: consider importing this macro\n    \u001b[1m\u001b[96m|\u001b[0m\n  \u001b[1m\u001b[96m5\u001b[0m \u001b[92m+ use core::assert_eq;\u001b[0m\n    \u001b[1m\u001b[96m|\u001b[0m\n\n"}
{"$message_type":"diagnostic","message":"cannot find macro `assert_eq` in this scope","code":null,"level":"error","spans":[{"file_name":"groves\\glimmer_weave\\tests\\interpreter_tests.rs","byte_start":5235,"byte_end":5244,"line_start":244,"line_end":244,"column_start":13,"column_end":22,"is_primary":true,"text":[{"text":"            assert_eq!(items[2], Value::Number(3.0));","highlight_start":13,"highlight_end":22}],"label":null,"suggested_replacement":null,"suggestion_applicability":null,"expansion":null}],"children":[{"message":"consider importing this macro","code":null,"level":"help","spans":[{"file_name":"groves\\glimmer_weave\\tests\\interpreter_tests.rs","byte_start":134,"byte_end":134,"line_start":5,"line_end":5,"column_start":1,"column_end":1,"is_primary":true,"text":[{"text":"use glimmer_weave::{Lexer, Parser, Evaluator, Value};","highlight_start":1,"highlight_end":1}],"label":null,"suggested_replacement":"use core::assert_eq;\n","suggestion_applicability":"MaybeIncorrect","expansion":null}],"children":[],"rendered":null}],"rendered":"\u001b[1m\u001b[91merror\u001b[0m\u001b[1m\u001b[97m: cannot find macro `assert_eq` in this scope\u001b[0m\n   \u001b[1m\u001b[96m--> \u001b[0mgroves\\glimmer_weave\\tests\\interpreter_tests.rs:244:13\n    \u001b[1m\u001b[96m|\u001b[0m\n\u001b[1m\u001b[96m244\u001b[0m \u001b[1m\u001b[96m|\u001b[0m             assert_eq!(items[2], Value::Number(3.0));\n    \u001b[1m\u001b[96m|\u001b[0m             \u001b[1m\u001b[91m^^^^^^^^^\u001b[0m\n    \u001b[1m\u001b[96m|\u001b[0m\n\u001b[1m\u001b[96mhelp\u001b[0m: consider importing this macro\n    \u001b[1m\u001b[96m|\u001b[0m\n  \u001b[1m\u001b[96m5\u001b[0m \u001b[92m+ use core::assert_eq;\u001b[0m\n    \u001b[1m\u001b[96m|\u001b[0m\n\n"}
{"$message_type":"diagnostic","message":"cannot find macro `panic` in this scope","code":null,"level":"error","spans":[{"file_name":"groves\\glimmer_weave\\tests\\interpreter_tests.rs","byte_start":5300,"byte_end":5305,"line_start":246,"line_end":246,"column_start":14,"column_end":19,"is_primary":true,"text":[{"text":"        _ => panic!(\"Expected List, got {:?}\", result),","highlight_start":14,"highlight_end":19}],"label":null,"suggested_replacement":null,"suggestion_applicability":null,"expansion":null}],"children":[{"message":"consider importing this macro","code":null,"level":"help","spans":[{"file_name":"groves\\glimmer_weave\\tests\\interpreter_tests.rs","byte_start":134,"byte_end":134,"line_start":5,"line_end":5,"column_start":1,"column_end":1,"is_primary":true,"text":[{"text":"use glimmer_weave::{Lexer, Parser, Evaluator, Value};","highlight_start":1,"highlight_end":1}],"label":null,"suggested_replacement":"use core::panic;\n","suggestion_applicability":"MaybeIncorrect","expansion":null}],"children":[],"rendered":null}],"rendered":"\u001b[1m\u001b[91merror\u001b[0m\u001b[1m\u001b[97m: cannot find macro `panic` in this scope\u001b[0m\n   \u001b[1m\u001b[96m--> \u001b[0mgroves\\glimmer_weave\\tests\\interpreter_tests.rs:246:14\n    \u001b[1m\u001b[96m|\u001b[0m\n\u001b[1m\u001b[96m246\u001b[0m \u001b[1m\u001b[96m|\u001b[0m         _ => panic!(\"Expected List, got {:?}\", result),\n    \u001b[1m\u001b[96m|\u001b[0m              \u001b[1m\u001b[91m^^^^^\u001b[0m\n    \u001b[1m\u001b[96m|\u001b[0m\n\u001b[1m\u001b[96mhelp\u001b[0m: consider importing this macro\n    \u001b[1m\u001b[96m|\u001b[0m\n  \u001b[1m\u001b[96m5\u001b[0m \u001b[92m+ use core::panic;\u001b[0m\n    \u001b[1m\u001b[96m|\u001b[0m\n\n"}
{"$message_type":"diagnostic","message":"cannot find attribute `test` in this scope","code":null,"level":"error","spans":[{"file_name":"groves\\glimmer_weave\\tests\\interpreter_tests.rs","byte_start":4697,"byte_end":4701,"line_start":220,"line_end":220,"column_start":3,"column_end":7,"is_primary":true,"text":[{"text":"#[test]","highlight_start":3,"highlight_end":7}],"label":null,"suggested_replacement":null,"suggestion_applicability":null,"expansion":null}],"children":[{"message":"consider importing this attribute macro","code":null,"level":"help","spans":[{"file_name":"groves\\glimmer_weave\\tests\\interpreter_tests.rs","byte_start":134,"byte_end":134,"line_start":5,"line_end":5,"column_start":1,"column_end":1,"is_primary":true,"text":[{"text":"use glimmer_weave::{Lexer, Parser, Evaluator, Value};","highlight_start":1,"highlight_end":1}],"label":null,"suggested_replacement":"use core::prelude::rust_2024::test;\n","suggestion_applicability":"MaybeIncorrect","expansion":null}],"children":[],"rendered":null}],"rendered":"\u001b[1m\u001b[91merror\u001b[0m\u001b[1m\u001b[97m: cannot find attribute `test` in this scope\u001b[0m\n   \u001b[1m\u001b[96m--> \u001b[0mgroves\\glimmer_weave\\tests\\interpreter_tests.rs:220:3\n    \u001b[1m\u001b[96m|\u001b[0m\n\u001b[1m\u001b[96m220\u001b[0m \u001b[1m\u001b[96m|\u001b[0m #[test]\n    \u001b[1m\u001b[96m|\u001b[0m   \u001b[1m\u001b[91m^^^^\u001b[0m\n    \u001b[1m\u001b[96m|\u001b[0m\n\u001b[1m\u001b[96mhelp\u001b[0m: consider importing this attribute macro\n    \u001b[1m\u001b[96m|\u001b[0m\n  \u001b[1m\u001b[96m5\u001b[0m \u001b[92m+ use core::prelude::rust_2024::test;\u001b[0m\n    \u001b[1m\u001b[96m|\u001b[0m\n\n"}
{"$message_type":"diagnostic","message":"cannot find attribute `test` in this scope","code":null,"level":"error","spans":[{"file_name":"groves\\glimmer_weave\\tests\\interpreter_tests.rs","byte_start":4499,"byte_end":4503,"line_start":207,"line_end":207,"column_start":3,"column_end":7,"is_primary":true,"text":[{"text":"#[test]","highlight_start":3,"highlight_end":7}],"label":null,"suggested_replacement":null,"suggestion_applicability":null,"expansion":null}],"children":[{"message":"consider importing this attribute macro","code":null,"level":"help","spans":[{"file_name":"groves\\glimmer_weave\\tests\\interpreter_tests.rs","byte_start":134,"byte_end":134,"line_start":5,"line_end":5,"column_start":1,"column_end":1,"is_primary":true,"text":[{"text":"use glimmer_weave::{Lexer, Parser, Evaluator, Value};","highlight_start":1,"highlight_end":1}],"label":null,"suggested_replacement":"use core::prelude::rust_2024::test;\n","suggestion_applicability":"MaybeIncorrect","expansion":null}],"children":[],"rendered":null}],"rendered":"\u001b[1m\u001b[91merror\u001b[0m\u001b[1m\u001b[97m: cannot find attribute `test` in this scope\u001b[0m\n   \u001b[1m\u001b[96m--> \u001b[0mgroves\\glimmer_weave\\tests\\interpreter_tests.rs:207:3\n    \u001b[1m\u001b[96m|\u001b[0m\n\u001b[1m\u001b[96m207\u001b[0m \u001b[1m\u001b[96m|\u001b[0m #[test]\n    \u001b[1m\u001b[96m|\u001b[0m   \u001b[1m\u001b[91m^^^^\u001b[0m\n    \u001b[1m\u001b[96m|\u001b[0m\n\u001b[1m\u001b[96mhelp\u001b[0m: consider importing this attribute macro\n    \u001b[1m\u001b[96m|\u001b[0m\n  \u001b[1m\u001b[96m5\u001b[0m \u001b[92m+ use core::prelude::rust_2024::test;\u001b[0m\n    \u001b[1m\u001b[96m|\u001b[0m\n\n"}
{"$message_type":"diagnostic","message":"cannot find attribute `test` in this scope","code":null,"level":"error","spans":[{"file_name":"groves\\glimmer_weave\\tests\\interpreter_tests.rs","byte_start":4331,"byte_end":4335,"line_start":195,"line_end":195,"column_start":3,"column_end":7,"is_primary":true,"text":[{"text":"#[test]","highlight_start":3,"highlight_end":7}],"label":null,"suggested_replacement":null,"suggestion_applicability":null,"expansion":null}],"children":[{"message":"consider importing this attribute macro","code":null,"level":"help","spans":[{"file_name":"groves\\glimmer_weave\\tests\\interpreter_tests.rs","byte_start":134,"byte_end":134,"line_start":5,"line_end":5,"column_start":1,"column_end":1,"is_primary":true,"text":[{"text":"use glimmer_weave::{Lexer, Parser, Evaluator, Value};","highlight_start":1,"highlight_end":1}],"label":null,"suggested_replacement":"use core::prelude::rust_2024::test;\n","suggestion_applicability":"MaybeIncorrect","expansion":null}],"children":[],"rendered":null}],"rendered":"\u001b[1m\u001b[91merror\u001b[0m\u001b[1m\u001b[97m: cannot find attribute `test` in this scope\u001b[0m\n   \u001b[1m\u001b[96m--> \u001b[0mgroves\\glimmer_weave\\tests\\interpreter_tests.rs:195:3\n    \u001b[1m\u001b[96m|\u001b[0m\n\u001b[1m\u001b[96m195\u001b[0m \u001b[1m\u001b[96m|\u001b[0m #[test]\n    \u001b[1m\u001b[96m|\u001b[0m   \u001b[1m\u001b[91m^^^^\u001b[0m\n    \u001b[1m\u001b[96m|\u001b[0m\n\u001b[1m\u001b[96mhelp\u001b[0m: consider importing this attribute macro\n    \u001b[1m\u001b[96m|\u001b[0m\n  \u001b[1m\u001b[96m5\u001b[0m \u001b[92m+ use core::prelude::rust_2024::test;\u001b[0m\n    \u001b[1m\u001b[96m|\u001b[0m\n\n"}
{"$message_type":"diagnostic","message":"cannot find attribute `test` in this scope","code":null,"level":"error","spans":[{"file_name":"groves\\glimmer_weave\\tests\\interpreter_tests.rs","byte_start":4145,"byte_end":4149,"line_start":183,"line_end":183,"column_start":3,"column_end":7,"is_primary":true,"text":[{"text":"#[test]","highlight_start":3,"highlight_end":7}],"label":null,"suggested_replacement":null,"suggestion_applicability":null,"expansion":null}],"children":[{"message":"consider importing this attribute macro","code":null,"level":"help","spans":[{"file_name":"groves\\glimmer_weave\\tests\\interpreter_tests.rs","byte_start":134,"byte_end":134,"line_start":5,"line_end":5,"column_start":1,"column_end":1,"is_primary":true,"text":[{"text":"use glimmer_weave::{Lexer, Parser, Evaluator, Value};","highlight_start":1,"highlight_end":1}],"label":null,"suggested_replacement":"use core::prelude::rust_2024::test;\n","suggestion_applicability":"MaybeIncorrect","expansion":null}],"children":[],"rendered":null}],"rendered":"\u001b[1m\u001b[91merror\u001b[0m\u001b[1m\u001b[97m: cannot find attribute `test` in this scope\u001b[0m\n   \u001b[1m\u001b[96m--> \u001b[0mgroves\\glimmer_weave\\tests\\interpreter_tests.rs:183:3\n    \u001b[1m\u001b[96m|\u001b[0m\n\u001b[1m\u001b[96m183\u001b[0m \u001b[1m\u001b[96m|\u001b[0m #[test]\n    \u001b[1m\u001b[96m|\u001b[0m   \u001b[1m\u001b[91m^^^^\u001b[0m\n    \u001b[1m\u001b[96m|\u001b[0m\n\u001b[1m\u001b[96mhelp\u001b[0m: consider importing this attribute macro\n    \u001b[1m\u001b[96m|\u001b[0m\n  \u001b[1m\u001b[96m5\u001b[0m \u001b[92m+ use core::prelude::rust_2024::test;\u001b[0m\n    \u001b[1m\u001b[96m|\u001b[0m\n\n"}
{"$message_type":"diagnostic","message":"cannot find attribute `test` in this scope","code":null,"level":"error","spans":[{"file_name":"groves\\glimmer_weave\\tests\\interpreter_tests.rs","byte_start":3936,"byte_end":3940,"line_start":171,"line_end":171,"column_start":3,"column_end":7,"is_primary":true,"text":[{"text":"#[test]","highlight_start":3,"highlight_end":7}],"label":null,"suggested_replacement":null,"suggestion_applicability":null,"expansion":null}],"children":[{"message":"consider importing this attribute macro","code":null,"level":"help","spans":[{"file_name":"groves\\glimmer_weave\\tests\\interpreter_tests.rs","byte_start":134,"byte_end":134,"line_start":5,"line_end":5,"column_start":1,"column_end":1,"is_primary":true,"text":[{"text":"use glimmer_weave::{Lexer, Parser, Evaluator, Value};","highlight_start":1,"highlight_end":1}],"label":null,"suggested_replacement":"use core::prelude::rust_2024::test;\n","suggestion_applicability":"MaybeIncorrect","expansion":null}],"children":[],"rendered":null}],"rendered":"\u001b[1m\u001b[91merror\u001b[0m\u001b[1m\u001b[97m: cannot find attribute `test` in this scope\u001b[0m\n   \u001b[1m\u001b[96m--> \u001b[0mgroves\\glimmer_weave\\tests\\interpreter_tests.rs:171:3\n    \u001b[1m\u001b[96m|\u001b[0m\n\u001b[1m\u001b[96m171\u001b[0m \u001b[1m\u001b[96m|\u001b[0m #[test]\n    \u001b[1m\u001b[96m|\u001b[0m   \u001b[1m\u001b[91m^^^^\u001b[0m\n    \u001b[1m\u001b[96m|\u001b[0m\n\u001b[1m\u001b[96mhelp\u001b[0m: consider importing this attribute macro\n    \u001b[1m\u001b[96m|\u001b[0m\n  \u001b[1m\u001b[96m5\u001b[0m \u001b[92m+ use core::prelude::rust_2024::test;\u001b[0m\n    \u001b[1m\u001b[96m|\u001b[0m\n\n"}
{"$message_type":"diagnostic","message":"cannot find attribute `test` in this scope","code":null,"level":"error","spans":[{"file_name":"groves\\glimmer_weave\\tests\\interpreter_tests.rs","byte_start":3802,"byte_end":3806,"line_start":161,"line_end":161,"column_start":3,"column_end":7,"is_primary":true,"text":[{"text":"#[test]","highlight_start":3,"highlight_end":7}],"label":null,"suggested_replacement":null,"suggestion_applicability":null,"expansion":null}],"children":[{"message":"consider importing this attribute macro","code":null,"level":"help","spans":[{"file_name":"groves\\glimmer_weave\\tests\\interpreter_tests.rs","byte_start":134,"byte_end":134,"line_start":5,"line_end":5,"column_start":1,"column_end":1,"is_primary":true,"text":[{"text":"use glimmer_weave::{Lexer, Parser, Evaluator, Value};","highlight_start":1,"highlight_end":1}],"label":null,"suggested_replacement":"use core::prelude::rust_2024::test;\n","suggestion_applicability":"MaybeIncorrect","expansion":null}],"children":[],"rendered":null}],"rendered":"\u001b[1m\u001b[91merror\u001b[0m\u001b[1m\u001b[97m: cannot find attribute `test` in this scope\u001b[0m\n   \u001b[1m\u001b[96m--> \u001b[0mgroves\\glimmer_weave\\tests\\interpreter_tests.rs:161:3\n    \u001b[1m\u001b[96m|\u001b[0m\n\u001b[1m\u001b[96m161\u001b[0m \u001b[1m\u001b[96m|\u001b[0m #[test]\n    \u001b[1m\u001b[96m|\u001b[0m   \u001b[1m\u001b[91m^^^^\u001b[0m\n    \u001b[1m\u001b[96m|\u001b[0m\n\u001b[1m\u001b[96mhelp\u001b[0m: consider importing this attribute macro\n    \u001b[1m\u001b[96m|\u001b[0m\n  \u001b[1m\u001b[96m5\u001b[0m \u001b[92m+ use core::prelude::rust_2024::test;\u001b[0m\n    \u001b[1m\u001b[96m|\u001b[0m\n\n"}
{"$message_type":"diagnostic","message":"cannot find attribute `test` in this scope","code":null,"level":"error","spans":[{"file_name":"groves\\glimmer_weave\\tests\\interpreter_tests.rs","byte_start":3638,"byte_end":3642,"line_start":148,"line_end":148,"column_start":3,"column_end":7,"is_primary":true,"text":[{"text":"#[test]","highlight_start":3,"highlight_end":7}],"label":null,"suggested_replacement":null,"suggestion_applicability":null,"expansion":null}],"children":[{"message":"consider importing this attribute macro","code":null,"level":"help","spans":[{"file_name":"groves\\glimmer_weave\\tests\\interpreter_tests.rs","byte_start":134,"byte_end":134,"line_start":5,"line_end":5,"column_start":1,"column_end":1,"is_primary":true,"text":[{"text":"use glimmer_weave::{Lexer, Parser, Evaluator, Value};","highlight_start":1,"highlight_end":1}],"label":null,"suggested_replacement":"use core::prelude::rust_2024::test;\n","suggestion_applicability":"MaybeIncorrect","expansion":null}],"children":[],"rendered":null}],"rendered":"\u001b[1m\u001b[91merror\u001b[0m\u001b[1m\u001b[97m: cannot find attribute `test` in this scope\u001b[0m\n   \u001b[1m\u001b[96m--> \u001b[0mgroves\\glimmer_weave\\tests\\interpreter_tests.rs:148:3\n    \u001b[1m\u001b[96m|\u001b[0m\n\u001b[1m\u001b[96m148\u001b[0m \u001b[1m\u001b[96m|\u001b[0m #[test]\n    \u001b[1m\u001b[96m|\u001b[0m   \u001b[1m\u001b[91m^^^^\u001b[0m\n    \u001b[1m\u001b[96m|\u001b[0m\n\u001b[1m\u001b[96mhelp\u001b[0m: consider importing this attribute macro\n    \u001b[1m\u001b[96m|\u001b[0m\n  \u001b[1m\u001b[96m5\u001b[0m \u001b[92m+ use core::prelude::rust_2024::test;\u001b[0m\n    \u001b[1m\u001b[96m|\u001b[0m\n\n"}
{"$message_type":"diagnostic","message":"cannot find attribute `test` in this scope","code":null,"level":"error","spans":[{"file_name":"groves\\glimmer_weave\\tests\\interpreter_tests.rs","byte_start":3473,"byte_end":3477,"line_start":135,"line_end":135,"column_start":3,"column_end":7,"is_primary":true,"text":[{"text":"#[test]","highlight_start":3,"highlight_end":7}],"label":null,"suggested_replacement":null,"suggestion_applicability":null,"expansion":null}],"children":[{"message":"consider importing this attribute macro","code":null,"level":"help","spans":[{"file_name":"groves\\glimmer_weave\\tests\\interpreter_tests.rs","byte_start":134,"byte_end":134,"line_start":5,"line_end":5,"column_start":1,"column_end":1,"is_primary":true,"text":[{"text":"use glimmer_weave::{Lexer, Parser, Evaluator, Value};","highlight_start":1,"highlight_end":1}],"label":null,"suggested_replacement":"use core::prelude::rust_2024::test;\n","suggestion_applicability":"MaybeIncorrect","expansion":null}],"children":[],"rendered":null}],"rendered":"\u001b[1m\u001b[91merror\u001b[0m\u001b[1m\u001b[97m: cannot find attribute `test` in this scope\u001b[0m\n   \u001b[1m\u001b[96m--> \u001b[0mgroves\\glimmer_weave\\tests\\interpreter_tests.rs:135:3\n    \u001b[1m\u001b[96m|\u001b[0m\n\u001b[1m\u001b[96m135\u001b[0m \u001b[1m\u001b[96m|\u001b[0m #[test]\n    \u001b[1m\u001b[96m|\u001b[0m   \u001b[1m\u001b[91m^^^^\u001b[0m\n    \u001b[1m\u001b[96m|\u001b[0m\n\u001b[1m\u001b[96mhelp\u001b[0m: consider importing this attribute macro\n    \u001b[1m\u001b[96m|\u001b[0m\n  \u001b[1m\u001b[96m5\u001b[0m \u001b[92m+ use core::prelude::rust_2024::test;\u001b[0m\n    \u001b[1m\u001b[96m|\u001b[0m\n\n"}
{"$message_type":"diagnostic","message":"cannot find attribute `test` in this scope","code":null,"level":"error","spans":[{"file_name":"groves\\glimmer_weave\\tests\\interpreter_tests.rs","byte_start":3329,"byte_end":3333,"line_start":125,"line_end":125,"column_start":3,"column_end":7,"is_primary":true,"text":[{"text":"#[test]","highlight_start":3,"highlight_end":7}],"label":null,"suggested_replacement":null,"suggestion_applicability":null,"expansion":null}],"children":[{"message":"consider importing this attribute macro","code":null,"level":"help","spans":[{"file_name":"groves\\glimmer_weave\\tests\\interpreter_tests.rs","byte_start":134,"byte_end":134,"line_start":5,"line_end":5,"column_start":1,"column_end":1,"is_primary":true,"text":[{"text":"use glimmer_weave::{Lexer, Parser, Evaluator, Value};","highlight_start":1,"highlight_end":1}],"label":null,"suggested_replacement":"use core::prelude::rust_2024::test;\n","suggestion_applicability":"MaybeIncorrect","expansion":null}],"children":[],"rendered":null}],"rendered":"\u001b[1m\u001b[91merror\u001b[0m\u001b[1m\u001b[97m: cannot find attribute `test` in this scope\u001b[0m\n   \u001b[1m\u001b[96m--> \u001b[0mgroves\\glimmer_weave\\tests\\interpreter_tests.rs:125:3\n    \u001b[1m\u001b[96m|\u001b[0m\n\u001b[1m\u001b[96m125\u001b[0m \u001b[1m\u001b[96m|\u001b[0m #[test]\n    \u001b[1m\u001b[96m|\u001b[0m   \u001b[1m\u001b[91m^^^^\u001b[0m\n    \u001b[1m\u001b[96m|\u001b[0m\n\u001b[1m\u001b[96mhelp\u001b[0m: consider importing this attribute macro\n    \u001b[1m\u001b[96m|\u001b[0m\n  \u001b[1m\u001b[96m5\u001b[0m \u001b[92m+ use core::prelude::rust_2024::test;\u001b[0m\n    \u001b[1m\u001b[96m|\u001b[0m\n\n"}
{"$message_type":"diagnostic","message":"cannot find attribute `test` in this scope","code":null,"level":"error","spans":[{"file_name":"groves\\glimmer_weave\\tests\\interpreter_tests.rs","byte_start":3176,"byte_end":3180,"line_start":115,"line_end":115,"column_start":3,"column_end":7,"is_primary":true,"text":[{"text":"#[test]","highlight_start":3,"highlight_end":7}],"label":null,"suggested_replacement":null,"suggestion_applicability":null,"expansion":null}],"children":[{"message":"consider importing this attribute macro","code":null,"level":"help","spans":[{"file_name":"groves\\glimmer_weave\\tests\\interpreter_tests.rs","byte_start":134,"byte_end":134,"line_start":5,"line_end":5,"column_start":1,"column_end":1,"is_primary":true,"text":[{"text":"use glimmer_weave::{Lexer, Parser, Evaluator, Value};","highlight_start":1,"highlight_end":1}],"label":null,"suggested_replacement":"use core::prelude::rust_2024::test;\n","suggestion_applicability":"MaybeIncorrect","expansion":null}],"children":[],"rendered":null}],"rendered":"\u001b[1m\u001b[91merror\u001b[0m\u001b[1m\u001b[97m: cannot find attribute `test` in this scope\u001b[0m\n   \u001b[1m\u001b[96m--> \u001b[0mgroves\\glimmer_weave\\tests\\interpreter_tests.rs:115:3\n    \u001b[1m\u001b[96m|\u001b[0m\n\u001b[1m\u001b[96m115\u001b[0m \u001b[1m\u001b[96m|\u001b[0m #[test]\n    \u001b[1m\u001b[96m|\u001b[0m   \u001b[1m\u001b[91m^^^^\u001b[0m\n    \u001b[1m\u001b[96m|\u001b[0m\n\u001b[1m\u001b[96mhelp\u001b[0m: consider importing this attribute macro\n    \u001b[1m\u001b[96m|\u001b[0m\n  \u001b[1m\u001b[96m5\u001b[0m \u001b[92m+ use core::prelude::rust_2024::test;\u001b[0m\n    \u001b[1m\u001b[96m|\u001b[0m\n\n"}
{"$message_type":"diagnostic","message":"cannot find attribute `test` in this scope","code":null,"level":"error","spans":[{"file_name":"groves\\glimmer_weave\\tests\\interpreter_tests.rs","byte_start":3052,"byte_end":3056,"line_start":106,"line_end":106,"column_start":3,"column_end":7,"is_primary":true,"text":[{"text":"#[test]","highlight_start":3,"highlight_end":7}],"label":null,"suggested_replacement":null,"suggestion_applicability":null,"expansion":null}],"children":[{"message":"consider importing this attribute macro","code":null,"level":"help","spans":[{"file_name":"groves\\glimmer_weave\\tests\\interpreter_tests.rs","byte_start":134,"byte_end":134,"line_start":5,"line_end":5,"column_start":1,"column_end":1,"is_primary":true,"text":[{"text":"use glimmer_weave::{Lexer, Parser, Evaluator, Value};","highlight_start":1,"highlight_end":1}],"label":null,"suggested_replacement":"use core::prelude::rust_2024::test;\n","suggestion_applicability":"MaybeIncorrect","expansion":null}],"children":[],"rendered":null}],"rendered":"\u001b[1m\u001b[91merror\u001b[0m\u001b[1m\u001b[97m: cannot find attribute `test` in this scope\u001b[0m\n   \u001b[1m\u001b[96m--> \u001b[0mgroves\\glimmer_weave\\tests\\interpreter_tests.rs:106:3\n    \u001b[1m\u001b[96m|\u001b[0m\n\u001b[1m\u001b[96m106\u001b[0m \u001b[1m\u001b[96m|\u001b[0m #[test]\n    \u001b[1m\u001b[96m|\u001b[0m   \u001b[1m\u001b[91m^^^^\u001b[0m\n    \u001b[1m\u001b[96m|\u001b[0m\n\u001b[1m\u001b[96mhelp\u001b[0m: consider importing this attribute macro\n    \u001b[1m\u001b[96m|\u001b[0m\n  \u001b[1m\u001b[96m5\u001b[0m \u001b[92m+ use core::prelude::rust_2024::test;\u001b[0m\n    \u001b[1m\u001b[96m|\u001b[0m\n\n"}
{"$message_type":"diagnostic","message":"cannot find attribute `test` in this scope","code":null,"level":"error","spans":[{"file_name":"groves\\glimmer_weave\\tests\\interpreter_tests.rs","byte_start":2869,"byte_end":2873,"line_start":99,"line_end":99,"column_start":3,"column_end":7,"is_primary":true,"text":[{"text":"#[test]","highlight_start":3,"highlight_end":7}],"label":null,"suggested_replacement":null,"suggestion_applicability":null,"expansion":null}],"children":[{"message":"consider importing this attribute macro","code":null,"level":"help","spans":[{"file_name":"groves\\glimmer_weave\\tests\\interpreter_tests.rs","byte_start":134,"byte_end":134,"line_start":5,"line_end":5,"column_start":1,"column_end":1,"is_primary":true,"text":[{"text":"use glimmer_weave::{Lexer, Parser, Evaluator, Value};","highlight_start":1,"highlight_end":1}],"label":null,"suggested_replacement":"use core::prelude::rust_2024::test;\n","suggestion_applicability":"MaybeIncorrect","expansion":null}],"children":[],"rendered":null}],"rendered":"\u001b[1m\u001b[91merror\u001b[0m\u001b[1m\u001b[97m: cannot find attribute `test` in this scope\u001b[0m\n  \u001b[1m\u001b[96m--> \u001b[0mgroves\\glimmer_weave\\tests\\interpreter_tests.rs:99:3\n   \u001b[1m\u001b[96m|\u001b[0m\n\u001b[1m\u001b[96m99\u001b[0m \u001b[1m\u001b[96m|\u001b[0m #[test]\n   \u001b[1m\u001b[96m|\u001b[0m   \u001b[1m\u001b[91m^^^^\u001b[0m\n   \u001b[1m\u001b[96m|\u001b[0m\n\u001b[1m\u001b[96mhelp\u001b[0m: consider importing this attribute macro\n   \u001b[1m\u001b[96m|\u001b[0m\n \u001b[1m\u001b[96m5\u001b[0m \u001b[92m+ use core::prelude::rust_2024::test;\u001b[0m\n   \u001b[1m\u001b[96m|\u001b[0m\n\n"}
{"$message_type":"diagnostic","message":"cannot find attribute `test` in this scope","code":null,"level":"error","spans":[{"file_name":"groves\\glimmer_weave\\tests\\interpreter_tests.rs","byte_start":2608,"byte_end":2612,"line_start":91,"line_end":91,"column_start":3,"column_end":7,"is_primary":true,"text":[{"text":"#[test]","highlight_start":3,"highlight_end":7}],"label":null,"suggested_replacement":null,"suggestion_applicability":null,"expansion":null}],"children":[{"message":"consider importing this attribute macro","code":null,"level":"help","spans":[{"file_name":"groves\\glimmer_weave\\tests\\interpreter_tests.rs","byte_start":134,"byte_end":134,"line_start":5,"line_end":5,"column_start":1,"column_end":1,"is_primary":true,"text":[{"text":"use glimmer_weave::{Lexer, Parser, Evaluator, Value};","highlight_start":1,"highlight_end":1}],"label":null,"suggested_replacement":"use core::prelude::rust_2024::test;\n","suggestion_applicability":"MaybeIncorrect","expansion":null}],"children":[],"rendered":null}],"rendered":"\u001b[1m\u001b[91merror\u001b[0m\u001b[1m\u001b[97m: cannot find attribute `test` in this scope\u001b[0m\n  \u001b[1m\u001b[96m--> \u001b[0mgroves\\glimmer_weave\\tests\\interpreter_tests.rs:91:3\n   \u001b[1m\u001b[96m|\u001b[0m\n\u001b[1m\u001b[96m91\u001b[0m \u001b[1m\u001b[96m|\u001b[0m #[test]\n   \u001b[1m\u001b[96m|\u001b[0m   \u001b[1m\u001b[91m^^^^\u001b[0m\n   \u001b[1m\u001b[96m|\u001b[0m\n\u001b[1m\u001b[96mhelp\u001b[0m: consider importing this attribute macro\n   \u001b[1m\u001b[96m|\u001b[0m\n \u001b[1m\u001b[96m5\u001b[0m \u001b[92m+ use core::prelude::rust_2024::test;\u001b[0m\n   \u001b[1m\u001b[96m|\u001b[0m\n\n"}
{"$message_type":"diagnostic","message":"cannot find attribute `test` in this scope","code":null,"level":"error","spans":[{"file_name":"groves\\glimmer_weave\\tests\\interpreter_tests.rs","byte_start":2368,"byte_end":2372,"line_start":83,"line_end":83,"column_start":3,"column_end":7,"is_primary":true,"text":[{"text":"#[test]","highlight_start":3,"highlight_end":7}],"label":null,"suggested_replacement":null,"suggestion_applicability":null,"expansion":null}],"children":[{"message":"consider importing this attribute macro","code":null,"level":"help","spans":[{"file_name":"groves\\glimmer_weave\\tests\\interpreter_tests.rs","byte_start":134,"byte_end":134,"line_start":5,"line_end":5,"column_start":1,"column_end":1,"is_primary":true,"text":[{"text":"use glimmer_weave::{Lexer, Parser, Evaluator, Value};","highlight_start":1,"highlight_end":1}],"label":null,"suggested_replacement":"use core::prelude::rust_2024::test;\n","suggestion_applicability":"MaybeIncorrect","expansion":null}],"children":[],"rendered":null}],"rendered":"\u001b[1m\u001b[91merror\u001b[0m\u001b[1m\u001b[97m: cannot find attribute `test` in this scope\u001b[0m\n  \u001b[1m\u001b[96m--> \u001b[0mgroves\\glimmer_weave\\tests\\interpreter_tests.rs:83:3\n   \u001b[1m\u001b[96m|\u001b[0m\n\u001b[1m\u001b[96m83\u001b[0m \u001b[1m\u001b[96m|\u001b[0m #[test]\n   \u001b[1m\u001b[96m|\u001b[0m   \u001b[1m\u001b[91m^^^^\u001b[0m\n   \u001b[1m\u001b[96m|\u001b[0m\n\u001b[1m\u001b[96mhelp\u001b[0m: consider importing this attribute macro\n   \u001b[1m\u001b[96m|\u001b[0m\n \u001b[1m\u001b[96m5\u001b[0m \u001b[92m+ use core::prelude::rust_2024::test;\u001b[0m\n   \u001b[1m\u001b[96m|\u001b[0m\n\n"}
{"$message_type":"diagnostic","message":"cannot find attribute `test` in this scope","code":null,"level":"error","spans":[{"file_name":"groves\\glimmer_weave\\tests\\interpreter_tests.rs","byte_start":2146,"byte_end":2150,"line_start":75,"line_end":75,"column_start":3,"column_end":7,"is_primary":true,"text":[{"text":"#[test]","highlight_start":3,"highlight_end":7}],"label":null,"suggested_replacement":null,"suggestion_applicability":null,"expansion":null}],"children":[{"message":"consider importing this attribute macro","code":null,"level":"help","spans":[{"file_name":"groves\\glimmer_weave\\tests\\interpreter_tests.rs","byte_start":134,"byte_end":134,"line_start":5,"line_end":5,"column_start":1,"column_end":1,"is_primary":true,"text":[{"text":"use glimmer_weave::{Lexer, Parser, Evaluator, Value};","highlight_start":1,"highlight_end":1}],"label":null,"suggested_replacement":"use core::prelude::rust_2024::test;\n","suggestion_applicability":"MaybeIncorrect","expansion":null}],"children":[],"rendered":null}],"rendered":"\u001b[1m\u001b[91merror\u001b[0m\u001b[1m\u001b[97m: cannot find attribute `test` in this scope\u001b[0m\n  \u001b[1m\u001b[96m--> \u001b[0mgroves\\glimmer_weave\\tests\\interpreter_tests.rs:75:3\n   \u001b[1m\u001b[96m|\u001b[0m\n\u001b[1m\u001b[96m75\u001b[0m \u001b[1m\u001b[96m|\u001b[0m #[test]\n   \u001b[1m\u001b[96m|\u001b[0m   \u001b[1m\u001b[91m^^^^\u001b[0m\n   \u001b[1m\u001b[96m|\u001b[0m\n\u001b[1m\u001b[96mhelp\u001b[0m: consider importing this attribute macro\n   \u001b[1m\u001b[96m|\u001b[0m\n \u001b[1m\u001b[96m5\u001b[0m \u001b[92m+ use core::prelude::rust_2024::test;\u001b[0m\n   \u001b[1m\u001b[96m|\u001b[0m\n\n"}
{"$message_type":"diagnostic","message":"cannot find attribute `test` in this scope","code":null,"level":"error","spans":[{"file_name":"groves\\glimmer_weave\\tests\\interpreter_tests.rs","byte_start":2015,"byte_end":2019,"line_start":70,"line_end":70,"column_start":3,"column_end":7,"is_primary":true,"text":[{"text":"#[test]","highlight_start":3,"highlight_end":7}],"label":null,"suggested_replacement":null,"suggestion_applicability":null,"expansion":null}],"children":[{"message":"consider importing this attribute macro","code":null,"level":"help","spans":[{"file_name":"groves\\glimmer_weave\\tests\\interpreter_tests.rs","byte_start":134,"byte_end":134,"line_start":5,"line_end":5,"column_start":1,"column_end":1,"is_primary":true,"text":[{"text":"use glimmer_weave::{Lexer, Parser, Evaluator, Value};","highlight_start":1,"highlight_end":1}],"label":null,"suggested_replacement":"use core::prelude::rust_2024::test;\n","suggestion_applicability":"MaybeIncorrect","expansion":null}],"children":[],"rendered":null}],"rendered":"\u001b[1m\u001b[91merror\u001b[0m\u001b[1m\u001b[97m: cannot find attribute `test` in this scope\u001b[0m\n  \u001b[1m\u001b[96m--> \u001b[0mgroves\\glimmer_weave\\tests\\interpreter_tests.rs:70:3\n   \u001b[1m\u001b[96m|\u001b[0m\n\u001b[1m\u001b[96m70\u001b[0m \u001b[1m\u001b[96m|\u001b[0m #[test]\n   \u001b[1m\u001b[96m|\u001b[0m   \u001b[1m\u001b[91m^^^^\u001b[0m\n   \u001b[1m\u001b[96m|\u001b[0m\n\u001b[1m\u001b[96mhelp\u001b[0m: consider importing this attribute macro\n   \u001b[1m\u001b[96m|\u001b[0m\n \u001b[1m\u001b[96m5\u001b[0m \u001b[92m+ use core::prelude::rust_2024::test;\u001b[0m\n   \u001b[1m\u001b[96m|\u001b[0m\n\n"}
{"$message_type":"diagnostic","message":"cannot find attribute `test` in this scope","code":null,"level":"error","spans":[{"file_name":"groves\\glimmer_weave\\tests\\interpreter_tests.rs","byte_start":1835,"byte_end":1839,"line_start":64,"line_end":64,"column_start":3,"column_end":7,"is_primary":true,"text":[{"text":"#[test]","highlight_start":3,"highlight_end":7}],"label":null,"suggested_replacement":null,"suggestion_applicability":null,"expansion":null}],"children":[{"message":"consider importing this attribute macro","code":null,"level":"help","spans":[{"file_name":"groves\\glimmer_weave\\tests\\interpreter_tests.rs","byte_start":134,"byte_end":134,"line_start":5,"line_end":5,"column_start":1,"column_end":1,"is_primary":true,"text":[{"text":"use glimmer_weave::{Lexer, Parser, Evaluator, Value};","highlight_start":1,"highlight_end":1}],"label":null,"suggested_replacement":"use core::prelude::rust_2024::test;\n","suggestion_applicability":"MaybeIncorrect","expansion":null}],"children":[],"rendered":null}],"rendered":"\u001b[1m\u001b[91merror\u001b[0m\u001b[1m\u001b[97m: cannot find attribute `test` in this scope\u001b[0m\n  \u001b[1m\u001b[96m--> \u001b[0mgroves\\glimmer_weave\\tests\\interpreter_tests.rs:64:3\n   \u001b[1m\u001b[96m|\u001b[0m\n\u001b[1m\u001b[96m64\u001b[0m \u001b[1m\u001b[96m|\u001b[0m #[test]\n   \u001b[1m\u001b[96m|\u001b[0m   \u001b[1m\u001b[91m^^^^\u001b[0m\n   \u001b[1m\u001b[96m|\u001b[0m\n\u001b[1m\u001b[96mhelp\u001b[0m: consider importing this attribute macro\n   \u001b[1m\u001b[96m|\u001b[0m\n \u001b[1m\u001b[96m5\u001b[0m \u001b[92m+ use core::prelude::rust_2024::test;\u001b[0m\n   \u001b[1m\u001b[96m|\u001b[0m\n\n"}
{"$message_type":"diagnostic","message":"cannot find attribute `test` in this scope","code":null,"level":"error","spans":[{"file_name":"groves\\glimmer_weave\\tests\\interpreter_tests.rs","byte_start":1567,"byte_end":1571,"line_start":55,"line_end":55,"column_start":3,"column_end":7,"is_primary":true,"text":[{"text":"#[test]","highlight_start":3,"highlight_end":7}],"label":null,"suggested_replacement":null,"suggestion_applicability":null,"expansion":null}],"children":[{"message":"consider importing this attribute macro","code":null,"level":"help","spans":[{"file_name":"groves\\glimmer_weave\\tests\\interpreter_tests.rs","byte_start":134,"byte_end":134,"line_start":5,"line_end":5,"column_start":1,"column_end":1,"is_primary":true,"text":[{"text":"use glimmer_weave::{Lexer, Parser, Evaluator, Value};","highlight_start":1,"highlight_end":1}],"label":null,"suggested_replacement":"use core::prelude::rust_2024::test;\n","suggestion_applicability":"MaybeIncorrect","expansion":null}],"children":[],"rendered":null}],"rendered":"\u001b[1m\u001b[91merror\u001b[0m\u001b[1m\u001b[97m: cannot find attribute `test` in this scope\u001b[0m\n  \u001b[1m\u001b[96m--> \u001b[0mgroves\\glimmer_weave\\tests\\interpreter_tests.rs:55:3\n   \u001b[1m\u001b[96m|\u001b[0m\n\u001b[1m\u001b[96m55\u001b[0m \u001b[1m\u001b[96m|\u001b[0m #[test]\n   \u001b[1m\u001b[96m|\u001b[0m   \u001b[1m\u001b[91m^^^^\u001b[0m\n   \u001b[1m\u001b[96m|\u001b[0m\n\u001b[1m\u001b[96mhelp\u001b[0m: consider importing this attribute macro\n   \u001b[1m\u001b[96m|\u001b[0m\n \u001b[1m\u001b[96m5\u001b[0m \u001b[92m+ use core::prelude::rust_2024::test;\u001b[0m\n   \u001b[1m\u001b[96m|\u001b[0m\n\n"}
{"$message_type":"diagnostic","message":"cannot find attribute `test` in this scope","code":null,"level":"error","spans":[{"file_name":"groves\\glimmer_weave\\tests\\interpreter_tests.rs","byte_start":1484,"byte_end":1488,"line_start":50,"line_end":50,"column_start":3,"column_end":7,"is_primary":true,"text":[{"text":"#[test]","highlight_start":3,"highlight_end":7}],"label":null,"suggested_replacement":null,"suggestion_applicability":null,"expansion":null}],"children":[{"message":"consider importing this attribute macro","code":null,"level":"help","spans":[{"file_name":"groves\\glimmer_weave\\tests\\interpreter_tests.rs","byte_start":134,"byte_end":134,"line_start":5,"line_end":5,"column_start":1,"column_end":1,"is_primary":true,"text":[{"text":"use glimmer_weave::{Lexer, Parser, Evaluator, Value};","highlight_start":1,"highlight_end":1}],"label":null,"suggested_replacement":"use core::prelude::rust_2024::test;\n","suggestion_applicability":"MaybeIncorrect","expansion":null}],"children":[],"rendered":null}],"rendered":"\u001b[1m\u001b[91merror\u001b[0m\u001b[1m\u001b[97m: cannot find attribute `test` in this scope\u001b[0m\n  \u001b[1m\u001b[96m--> \u001b[0mgroves\\glimmer_weave\\tests\\interpreter_tests.rs:50:3\n   \u001b[1m\u001b[96m|\u001b[0m\n\u001b[1m\u001b[96m50\u001b[0m \u001b[1m\u001b[96m|\u001b[0m #[test]\n   \u001b[1m\u001b[96m|\u001b[0m   \u001b[1m\u001b[91m^^^^\u001b[0m\n   \u001b[1m\u001b[96m|\u001b[0m\n\u001b[1m\u001b[96mhelp\u001b[0m: consider importing this attribute macro\n   \u001b[1m\u001b[96m|\u001b[0m\n \u001b[1m\u001b[96m5\u001b[0m \u001b[92m+ use core::prelude::rust_2024::test;\u001b[0m\n   \u001b[1m\u001b[96m|\u001b[0m\n\n"}
{"$message_type":"diagnostic","message":"cannot find attribute `test` in this scope","code":null,"level":"error","spans":[{"file_name":"groves\\glimmer_weave\\tests\\interpreter_tests.rs","byte_start":1352,"byte_end":1356,"line_start":44,"line_end":44,"column_start":3,"column_end":7,"is_primary":true,"text":[{"text":"#[test]","highlight_start":3,"highlight_end":7}],"label":null,"suggested_replacement":null,"suggestion_applicability":null,"expansion":null}],"children":[{"message":"consider importing this attribute macro","code":null,"level":"help","spans":[{"file_name":"groves\\glimmer_weave\\tests\\interpreter_tests.rs","byte_start":134,"byte_end":134,"line_start":5,"line_end":5,"column_start":1,"column_end":1,"is_primary":true,"text":[{"text":"use glimmer_weave::{Lexer, Parser, Evaluator, Value};","highlight_start":1,"highlight_end":1}],"label":null,"suggested_replacement":"use core::prelude::rust_2024::test;\n","suggestion_applicability":"MaybeIncorrect","expansion":null}],"children":[],"rendered":null}],"rendered":"\u001b[1m\u001b[91merror\u001b[0m\u001b[1m\u001b[97m: cannot find attribute `test` in this scope\u001b[0m\n  \u001b[1m\u001b[96m--> \u001b[0mgroves\\glimmer_weave\\tests\\interpreter_tests.rs:44:3\n   \u001b[1m\u001b[96m|\u001b[0m\n\u001b[1m\u001b[96m44\u001b[0m \u001b[1m\u001b[96m|\u001b[0m #[test]\n   \u001b[1m\u001b[96m|\u001b[0m   \u001b[1m\u001b[91m^^^^\u001b[0m\n   \u001b[1m\u001b[96m|\u001b[0m\n\u001b[1m\u001b[96mhelp\u001b[0m: consider importing this attribute macro\n   \u001b[1m\u001b[96m|\u001b[0m\n \u001b[1m\u001b[96m5\u001b[0m \u001b[92m+ use core::prelude::rust_2024::test;\u001b[0m\n   \u001b[1m\u001b[96m|\u001b[0m\n\n"}
{"$message_type":"diagnostic","message":"cannot find attribute `test` in this scope","code":null,"level":"error","spans":[{"file_name":"groves\\glimmer_weave\\tests\\interpreter_tests.rs","byte_start":1128,"byte_end":1132,"line_start":37,"line_end":37,"column_start":3,"column_end":7,"is_primary":true,"text":[{"text":"#[test]","highlight_start":3,"highlight_end":7}],"label":null,"suggested_replacement":null,"suggestion_applicability":null,"expansion":null}],"children":[{"message":"consider importing this attribute macro","code":null,"level":"help","spans":[{"file_name":"groves\\glimmer_weave\\tests\\interpreter_tests.rs","byte_start":134,"byte_end":134,"line_start":5,"line_end":5,"column_start":1,"column_end":1,"is_primary":true,"text":[{"text":"use glimmer_weave::{Lexer, Parser, Evaluator, Value};","highlight_start":1,"highlight_end":1}],"label":null,"suggested_replacement":"use core::prelude::rust_2024::test;\n","suggestion_applicability":"MaybeIncorrect","expansion":null}],"children":[],"rendered":null}],"rendered":"\u001b[1m\u001b[91merror\u001b[0m\u001b[1m\u001b[97m: cannot find attribute `test` in this scope\u001b[0m\n  \u001b[1m\u001b[96m--> \u001b[0mgroves\\glimmer_weave\\tests\\interpreter_tests.rs:37:3\n   \u001b[1m\u001b[96m|\u001b[0m\n\u001b[1m\u001b[96m37\u001b[0m \u001b[1m\u001b[96m|\u001b[0m #[test]\n   \u001b[1m\u001b[96m|\u001b[0m   \u001b[1m\u001b[91m^^^^\u001b[0m\n   \u001b[1m\u001b[96m|\u001b[0m\n\u001b[1m\u001b[96mhelp\u001b[0m: consider importing this attribute macro\n   \u001b[1m\u001b[96m|\u001b[0m\n \u001b[1m\u001b[96m5\u001b[0m \u001b[92m+ use core::prelude::rust_2024::test;\u001b[0m\n   \u001b[1m\u001b[96m|\u001b[0m\n\n"}
{"$message_type":"diagnostic","message":"cannot find attribute `test` in this scope","code":null,"level":"error","spans":[{"file_name":"groves\\glimmer_weave\\tests\\interpreter_tests.rs","byte_start":957,"byte_end":961,"line_start":30,"line_end":30,"column_start":3,"column_end":7,"is_primary":true,"text":[{"text":"#[test]","highlight_start":3,"highlight_end":7}],"label":null,"suggested_replacement":null,"suggestion_applicability":null,"expansion":null}],"children":[{"message":"consider importing this attribute macro","code":null,"level":"help","spans":[{"file_name":"groves\\glimmer_weave\\tests\\interpreter_tests.rs","byte_start":134,"byte_end":134,"line_start":5,"line_end":5,"column_start":1,"column_end":1,"is_primary":true,"text":[{"text":"use glimmer_weave::{Lexer, Parser, Evaluator, Value};","highlight_start":1,"highlight_end":1}],"label":null,"suggested_replacement":"use core::prelude::rust_2024::test;\n","suggestion_applicability":"MaybeIncorrect","expansion":null}],"children":[],"rendered":null}],"rendered":"\u001b[1m\u001b[91merror\u001b[0m\u001b[1m\u001b[97m: cannot find attribute `test` in this scope\u001b[0m\n  \u001b[1m\u001b[96m--> \u001b[0mgroves\\glimmer_weave\\tests\\interpreter_tests.rs:30:3\n   \u001b[1m\u001b[96m|\u001b[0m\n\u001b[1m\u001b[96m30\u001b[0m \u001b[1m\u001b[96m|\u001b[0m #[test]\n   \u001b[1m\u001b[96m|\u001b[0m   \u001b[1m\u001b[91m^^^^\u001b[0m\n   \u001b[1m\u001b[96m|\u001b[0m\n\u001b[1m\u001b[96mhelp\u001b[0m: consider importing this attribute macro\n   \u001b[1m\u001b[96m|\u001b[0m\n \u001b[1m\u001b[96m5\u001b[0m \u001b[92m+ use core::prelude::rust_2024::test;\u001b[0m\n   \u001b[1m\u001b[96m|\u001b[0m\n\n"}
{"$message_type":"diagnostic","message":"cannot find macro `panic` in this scope","code":null,"level":"error","spans":[{"file_name":"groves\\glimmer_weave\\tests\\interpreter_tests.rs","byte_start":910,"byte_end":915,"line_start":26,"line_end":26,"column_start":19,"column_end":24,"is_primary":true,"text":[{"text":"        Err(e) => panic!(\"Evaluation failed: {}\", e),","highlight_start":19,"highlight_end":24}],"label":null,"suggested_replacement":null,"suggestion_applicability":null,"expansion":null}],"children":[{"message":"consider importing this macro","code":null,"level":"help","spans":[{"file_name":"groves\\glimmer_weave\\tests\\interpreter_tests.rs","byte_start":134,"byte_end":134,"line_start":5,"line_end":5,"column_start":1,"column_end":1,"is_primary":true,"text":[{"text":"use glimmer_weave::{Lexer, Parser, Evaluator, Value};","highlight_start":1,"highlight_end":1}],"label":null,"suggested_replacement":"use core::panic;\n","suggestion_applicability":"MaybeIncorrect","expansion":null}],"children":[],"rendered":null}],"rendered":"\u001b[1m\u001b[91merror\u001b[0m\u001b[1m\u001b[97m: cannot find macro `panic` in this scope\u001b[0m\n  \u001b[1m\u001b[96m--> \u001b[0mgroves\\glimmer_weave\\tests\\interpreter_tests.rs:26:19\n   \u001b[1m\u001b[96m|\u001b[0m\n\u001b[1m\u001b[96m26\u001b[0m \u001b[1m\u001b[96m|\u001b[0m         Err(e) => panic!(\"Evaluation failed: {}\", e),\n   \u001b[1m\u001b[96m|\u001b[0m                   \u001b[1m\u001b[91m^^^^^\u001b[0m\n   \u001b[1m\u001b[96m|\u001b[0m\n\u001b[1m\u001b[96mhelp\u001b[0m: consider importing this macro\n   \u001b[1m\u001b[96m|\u001b[0m\n \u001b[1m\u001b[96m5\u001b[0m \u001b[92m+ use core::panic;\u001b[0m\n   \u001b[1m\u001b[96m|\u001b[0m\n\n"}
{"$message_type":"diagnostic","message":"cannot find macro `assert_eq` in this scope","code":null,"level":"error","spans":[{"file_name":"groves\\glimmer_weave\\tests\\interpreter_tests.rs","byte_start":817,"byte_end":826,"line_start":25,"line_end":25,"column_start":23,"column_end":32,"is_primary":true,"text":[{"text":"        Ok(result) => assert_eq!(result, expected, \"Expected {:?}, got {:?}\", expected, result),","highlight_start":23,"highlight_end":32}],"label":null,"suggested_replacement":null,"suggestion_applicability":null,"expansion":null}],"children":[{"message":"consider importing this macro","code":null,"level":"help","spans":[{"file_name":"groves\\glimmer_weave\\tests\\interpreter_tests.rs","byte_start":134,"byte_end":134,"line_start":5,"line_end":5,"column_start":1,"column_end":1,"is_primary":true,"text":[{"text":"use glimmer_weave::{Lexer, Parser, Evaluator, Value};","highlight_start":1,"highlight_end":1}],"label":null,"suggested_replacement":"use core::assert_eq;\n","suggestion_applicability":"MaybeIncorrect","expansion":null}],"children":[],"rendered":null}],"rendered":"\u001b[1m\u001b[91merror\u001b[0m\u001b[1m\u001b[97m: cannot find macro `assert_eq` in this scope\u001b[0m\n  \u001b[1m\u001b[96m--> \u001b[0mgroves\\glimmer_weave\\tests\\interpreter_tests.rs:25:23\n   \u001b[1m\u001b[96m|\u001b[0m\n\u001b[1m\u001b[96m25\u001b[0m \u001b[1m\u001b[96m|\u001b[0m         Ok(result) => assert_eq!(result, expected, \"Expected {:?}, got {:?}\", expected, result),\n   \u001b[1m\u001b[96m|\u001b[0m                       \u001b[1m\u001b[91m^^^^^^^^^\u001b[0m\n   \u001b[1m\u001b[96m|\u001b[0m\n\u001b[1m\u001b[96mhelp\u001b[0m: consider importing this macro\n   \u001b[1m\u001b[96m|\u001b[0m\n \u001b[1m\u001b[96m5\u001b[0m \u001b[92m+ use core::assert_eq;\u001b[0m\n   \u001b[1m\u001b[96m|\u001b[0m\n\n"}
{"$message_type":"diagnostic","message":"cannot find macro `format` in this scope","code":null,"level":"error","spans":[{"file_name":"groves\\glimmer_weave\\tests\\interpreter_tests.rs","byte_start":624,"byte_end":630,"line_start":19,"line_end":19,"column_start":38,"column_end":44,"is_primary":true,"text":[{"text":"    evaluator.eval(&ast).map_err(|e| format!(\"Runtime error: {:?}\", e))","highlight_start":38,"highlight_end":44}],"label":null,"suggested_replacement":null,"suggestion_applicability":null,"expansion":null}],"children":[],"rendered":"\u001b[1m\u001b[91merror\u001b[0m\u001b[1m\u001b[97m: cannot find macro `format` in this scope\u001b[0m\n  \u001b[1m\u001b[96m--> \u001b[0mgroves\\glimmer_weave\\tests\\interpreter_tests.rs:19:38\n   \u001b[1m\u001b[96m|\u001b[0m\n\u001b[1m\u001b[96m19\u001b[0m \u001b[1m\u001b[96m|\u001b[0m     evaluator.eval(&ast).map_err(|e| format!(\"Runtime error: {:?}\", e))\n   \u001b[1m\u001b[96m|\u001b[0m                                      \u001b[1m\u001b[91m^^^^^^\u001b[0m\n\n"}
{"$message_type":"diagnostic","message":"cannot find macro `format` in this scope","code":null,"level":"error","spans":[{"file_name":"groves\\glimmer_weave\\tests\\interpreter_tests.rs","byte_start":493,"byte_end":499,"line_start":15,"line_end":15,"column_start":42,"column_end":48,"is_primary":true,"text":[{"text":"    let ast = parser.parse().map_err(|e| format!(\"Parse error: {:?}\", e))?;","highlight_start":42,"highlight_end":48}],"label":null,"suggested_replacement":null,"suggestion_applicability":null,"expansion":null}],"children":[],"rendered":"\u001b[1m\u001b[91merror\u001b[0m\u001b[1m\u001b[97m: cannot find macro `format` in this scope\u001b[0m\n  \u001b[1m\u001b[96m--> \u001b[0mgroves\\glimmer_weave\\tests\\interpreter_tests.rs:15:42\n   \u001b[1m\u001b[96m|\u001b[0m\n\u001b[1m\u001b[96m15\u001b[0m \u001b[1m\u001b[96m|\u001b[0m     let ast = parser.parse().map_err(|e| format!(\"Parse error: {:?}\", e))?;\n   \u001b[1m\u001b[96m|\u001b[0m                                          \u001b[1m\u001b[91m^^^^^^\u001b[0m\n\n"}
{"$message_type":"diagnostic","message":"cannot find type `Result` in this scope","code":{"code":"E0412","explanation":"A used type name is not in scope.\n\nErroneous code examples:\n\n```compile_fail,E0412\nimpl Something {} // error: type name `Something` is not in scope\n\n// or:\n\ntrait Foo {\n    fn bar(N); // error: type name `N` is not in scope\n}\n\n// or:\n\nfn foo(x: T) {} // type name `T` is not in scope\n```\n\nTo fix this error, please verify you didn't misspell the type name, you did\ndeclare it or imported it into the scope. Examples:\n\n```\nstruct Something;\n\nimpl Something {} // ok!\n\n// or:\n\ntrait Foo {\n    type N;\n\n    fn bar(_: Self::N); // ok!\n}\n\n// or:\n\nfn foo<T>(x: T) {} // ok!\n```\n\nAnother case that causes this error is when a type is imported into a parent\nmodule. To fix this, you can follow the suggestion and use File directly or\n`use super::File;` which will import the types from the parent namespace. An\nexample that causes this error is below:\n\n```compile_fail,E0412\nuse std::fs::File;\n\nmod foo {\n    fn some_function(f: File) {}\n}\n```\n\n```\nuse std::fs::File;\n\nmod foo {\n    // either\n    use super::File;\n    // or\n    // use std::fs::File;\n    fn foo(f: File) {}\n}\n# fn main() {} // don't insert it for us; that'll break imports\n```\n"},"level":"error","spans":[{"file_name":"groves\\glimmer_weave\\tests\\interpreter_tests.rs","byte_start":281,"byte_end":287,"line_start":8,"line_end":8,"column_start":25,"column_end":31,"is_primary":true,"text":[{"text":"fn run(source: &str) -> Result<Value, String> {","highlight_start":25,"highlight_end":31}],"label":"not found in this scope","suggested_replacement":null,"suggestion_applicability":null,"expansion":null}],"children":[{"message":"consider importing one of these items","code":null,"level":"help","spans":[{"file_name":"groves\\glimmer_weave\\tests\\interpreter_tests.rs","byte_start":134,"byte_end":134,"line_start":5,"line_end":5,"column_start":1,"column_end":1,"is_primary":true,"text":[{"text":"use glimmer_weave::{Lexer, Parser, Evaluator, Value};","highlight_start":1,"highlight_end":1}],"label":null,"suggested_replacement":"use core::fmt::Result;\n","suggestion_applicability":"MaybeIncorrect","expansion":null},{"file_name":"groves\\glimmer_weave\\tests\\interpreter_tests.rs","byte_start":134,"byte_end":134,"line_start":5,"line_end":5,"column_start":1,"column_end":1,"is_primary":true,"text":[{"text":"use glimmer_weave::{Lexer, Parser, Evaluator, Value};","highlight_start":1,"highlight_end":1}],"label":null,"suggested_replacement":"use core::result::Result;\n","suggestion_applicability":"MaybeIncorrect","expansion":null}],"children":[],"rendered":null}],"rendered":"\u001b[1m\u001b[91merror[E0412]\u001b[0m\u001b[1m\u001b[97m: cannot find type `Result` in this scope\u001b[0m\n \u001b[1m\u001b[96m--> \u001b[0mgroves\\glimmer_weave\\tests\\interpreter_tests.rs:8:25\n  \u001b[1m\u001b[96m|\u001b[0m\n\u001b[1m\u001b[96m8\u001b[0m \u001b[1m\u001b[96m|\u001b[0m fn run(source: &str) -> Result<Value, String> {\n  \u001b[1m\u001b[96m|\u001b[0m                         \u001b[1m\u001b[91m^^^^^^\u001b[0m \u001b[1m\u001b[91mnot found in this scope\u001b[0m\n  \u001b[1m\u001b[96m|\u001b[0m\n\u001b[1m\u001b[96mhelp\u001b[0m: consider importing one of these items\n  \u001b[1m\u001b[96m|\u001b[0m\n\u001b[1m\u001b[96m5\u001b[0m \u001b[92m+ use core::fmt::Result;\u001b[0m\n  \u001b[1m\u001b[96m|\u001b[0m\n\u001b[1m\u001b[96m5\u001b[0m \u001b[92m+ use core::result::Result;\u001b[0m\n  \u001b[1m\u001b[96m|\u001b[0m\n\n"}
{"$message_type":"diagnostic","message":"cannot find type `String` in this scope","code":{"code":"E0412","explanation":"A used type name is not in scope.\n\nErroneous code examples:\n\n```compile_fail,E0412\nimpl Something {} // error: type name `Something` is not in scope\n\n// or:\n\ntrait Foo {\n    fn bar(N); // error: type name `N` is not in scope\n}\n\n// or:\n\nfn foo(x: T) {} // type name `T` is not in scope\n```\n\nTo fix this error, please verify you didn't misspell the type name, you did\ndeclare it or imported it into the scope. Examples:\n\n```\nstruct Something;\n\nimpl Something {} // ok!\n\n// or:\n\ntrait Foo {\n    type N;\n\n    fn bar(_: Self::N); // ok!\n}\n\n// or:\n\nfn foo<T>(x: T) {} // ok!\n```\n\nAnother case that causes this error is when a type is imported into a parent\nmodule. To fix this, you can follow the suggestion and use File directly or\n`use super::File;` which will import the types from the parent namespace. An\nexample that causes this error is below:\n\n```compile_fail,E0412\nuse std::fs::File;\n\nmod foo {\n    fn some_function(f: File) {}\n}\n```\n\n```\nuse std::fs::File;\n\nmod foo {\n    // either\n    use super::File;\n    // or\n    // use std::fs::File;\n    fn foo(f: File) {}\n}\n# fn main() {} // don't insert it for us; that'll break imports\n```\n"},"level":"error","spans":[{"file_name":"groves\\glimmer_weave\\tests\\interpreter_tests.rs","byte_start":295,"byte_end":301,"line_start":8,"line_end":8,"column_start":39,"column_end":45,"is_primary":true,"text":[{"text":"fn run(source: &str) -> Result<Value, String> {","highlight_start":39,"highlight_end":45}],"label":"not found in this scope","suggested_replacement":null,"suggestion_applicability":null,"expansion":null}],"children":[{"message":"you might be missing a type parameter","code":null,"level":"help","spans":[{"file_name":"groves\\glimmer_weave\\tests\\interpreter_tests.rs","byte_start":263,"byte_end":263,"line_start":8,"line_end":8,"column_start":7,"column_end":7,"is_primary":true,"text":[{"text":"fn run(source: &str) -> Result<Value, String> {","highlight_start":7,"highlight_end":7}],"label":null,"suggested_replacement":"<String>","suggestion_applicability":"MaybeIncorrect","expansion":null}],"children":[],"rendered":null}],"rendered":"\u001b[1m\u001b[91merror[E0412]\u001b[0m\u001b[1m\u001b[97m: cannot find type `String` in this scope\u001b[0m\n \u001b[1m\u001b[96m--> \u001b[0mgroves\\glimmer_weave\\tests\\interpreter_tests.rs:8:39\n  \u001b[1m\u001b[96m|\u001b[0m\n\u001b[1m\u001b[96m8\u001b[0m \u001b[1m\u001b[96m|\u001b[0m fn run(source: &str) -> Result<Value, String> {\n  \u001b[1m\u001b[96m|\u001b[0m                                       \u001b[1m\u001b[91m^^^^^^\u001b[0m \u001b[1m\u001b[91mnot found in this scope\u001b[0m\n  \u001b[1m\u001b[96m|\u001b[0m\n\u001b[1m\u001b[96mhelp\u001b[0m: you might be missing a type parameter\n  \u001b[1m\u001b[96m|\u001b[0m\n\u001b[1m\u001b[96m8\u001b[0m \u001b[1m\u001b[96m| \u001b[0mfn run\u001b[92m<String>\u001b[0m(source: &str) -> Result<Value, String> {\n  \u001b[1m\u001b[96m|\u001b[0m       \u001b[92m++++++++\u001b[0m\n\n"}
{"$message_type":"diagnostic","message":"cannot find tuple struct or tuple variant `Ok` in this scope","code":{"code":"E0531","explanation":"An unknown tuple struct/variant has been used.\n\nErroneous code example:\n\n```compile_fail,E0531\nlet Type(x) = Type(12); // error!\nmatch Bar(12) {\n    Bar(x) => {} // error!\n    _ => {}\n}\n```\n\nIn most cases, it's either a forgotten import or a typo. However, let's look at\nhow you can have such a type:\n\n```edition2018\nstruct Type(u32); // this is a tuple struct\n\nenum Foo {\n    Bar(u32), // this is a tuple variant\n}\n\nuse Foo::*; // To use Foo's variant directly, we need to import them in\n            // the scope.\n```\n\nEither way, it should work fine with our previous code:\n\n```edition2018\nstruct Type(u32);\n\nenum Foo {\n    Bar(u32),\n}\nuse Foo::*;\n\nlet Type(x) = Type(12); // ok!\nmatch Type(12) {\n    Type(x) => {} // ok!\n    _ => {}\n}\n```\n"},"level":"error","spans":[{"file_name":"groves\\glimmer_weave\\tests\\interpreter_tests.rs","byte_start":803,"byte_end":805,"line_start":25,"line_end":25,"column_start":9,"column_end":11,"is_primary":true,"text":[{"text":"        Ok(result) => assert_eq!(result, expected, \"Expected {:?}, got {:?}\", expected, result),","highlight_start":9,"highlight_end":11}],"label":"not found in this scope","suggested_replacement":null,"suggestion_applicability":null,"expansion":null}],"children":[{"message":"consider importing this tuple variant","code":null,"level":"help","spans":[{"file_name":"groves\\glimmer_weave\\tests\\interpreter_tests.rs","byte_start":134,"byte_end":134,"line_start":5,"line_end":5,"column_start":1,"column_end":1,"is_primary":true,"text":[{"text":"use glimmer_weave::{Lexer, Parser, Evaluator, Value};","highlight_start":1,"highlight_end":1}],"label":null,"suggested_replacement":"use core::result::Result::Ok;\n","suggestion_applicability":"MaybeIncorrect","expansion":null}],"children":[],"rendered":null}],"rendered":"\u001b[1m\u001b[91merror[E0531]\u001b[0m\u001b[1m\u001b[97m: cannot find tuple struct or tuple variant `Ok` in this scope\u001b[0m\n  \u001b[1m\u001b[96m--> \u001b[0mgroves\\glimmer_weave\\tests\\interpreter_tests.rs:25:9\n   \u001b[1m\u001b[96m|\u001b[0m\n\u001b[1m\u001b[96m25\u001b[0m \u001b[1m\u001b[96m|\u001b[0m         Ok(result) => assert_eq!(result, expected, \"Expected {:?}, got {:?}\", expected, result),\n   \u001b[1m\u001b[96m|\u001b[0m         \u001b[1m\u001b[91m^^\u001b[0m \u001b[1m\u001b[91mnot found in this scope\u001b[0m\n   \u001b[1m\u001b[96m|\u001b[0m\n\u001b[1m\u001b[96mhelp\u001b[0m: consider importing this tuple variant\n   \u001b[1m\u001b[96m|\u001b[0m\n \u001b[1m\u001b[96m5\u001b[0m \u001b[92m+ use core::result::Result::Ok;\u001b[0m\n   \u001b[1m\u001b[96m|\u001b[0m\n\n"}
{"$message_type":"diagnostic","message":"cannot find tuple struct or tuple variant `Err` in this scope","code":{"code":"E0531","explanation":"An unknown tuple struct/variant has been used.\n\nErroneous code example:\n\n```compile_fail,E0531\nlet Type(x) = Type(12); // error!\nmatch Bar(12) {\n    Bar(x) => {} // error!\n    _ => {}\n}\n```\n\nIn most cases, it's either a forgotten import or a typo. However, let's look at\nhow you can have such a type:\n\n```edition2018\nstruct Type(u32); // this is a tuple struct\n\nenum Foo {\n    Bar(u32), // this is a tuple variant\n}\n\nuse Foo::*; // To use Foo's variant directly, we need to import them in\n            // the scope.\n```\n\nEither way, it should work fine with our previous code:\n\n```edition2018\nstruct Type(u32);\n\nenum Foo {\n    Bar(u32),\n}\nuse Foo::*;\n\nlet Type(x) = Type(12); // ok!\nmatch Type(12) {\n    Type(x) => {} // ok!\n    _ => {}\n}\n```\n"},"level":"error","spans":[{"file_name":"groves\\glimmer_weave\\tests\\interpreter_tests.rs","byte_start":900,"byte_end":903,"line_start":26,"line_end":26,"column_start":9,"column_end":12,"is_primary":true,"text":[{"text":"        Err(e) => panic!(\"Evaluation failed: {}\", e),","highlight_start":9,"highlight_end":12}],"label":"not found in this scope","suggested_replacement":null,"suggestion_applicability":null,"expansion":null}],"children":[{"message":"consider importing this tuple variant","code":null,"level":"help","spans":[{"file_name":"groves\\glimmer_weave\\tests\\interpreter_tests.rs","byte_start":134,"byte_end":134,"line_start":5,"line_end":5,"column_start":1,"column_end":1,"is_primary":true,"text":[{"text":"use glimmer_weave::{Lexer, Parser, Evaluator, Value};","highlight_start":1,"highlight_end":1}],"label":null,"suggested_replacement":"use core::result::Result::Err;\n","suggestion_applicability":"MaybeIncorrect","expansion":null}],"children":[],"rendered":null}],"rendered":"\u001b[1m\u001b[91merror[E0531]\u001b[0m\u001b[1m\u001b[97m: cannot find tuple struct or tuple variant `Err` in this scope\u001b[0m\n  \u001b[1m\u001b[96m--> \u001b[0mgroves\\glimmer_weave\\tests\\interpreter_tests.rs:26:9\n   \u001b[1m\u001b[96m|\u001b[0m\n\u001b[1m\u001b[96m26\u001b[0m \u001b[1m\u001b[96m|\u001b[0m         Err(e) => panic!(\"Evaluation failed: {}\", e),\n   \u001b[1m\u001b[96m|\u001b[0m         \u001b[1m\u001b[91m^^^\u001b[0m \u001b[1m\u001b[91mnot found in this scope\u001b[0m\n   \u001b[1m\u001b[96m|\u001b[0m\n\u001b[1m\u001b[96mhelp\u001b[0m: consider importing this tuple variant\n   \u001b[1m\u001b[96m|\u001b[0m\n \u001b[1m\u001b[96m5\u001b[0m \u001b[92m+ use core::result::Result::Err;\u001b[0m\n   \u001b[1m\u001b[96m|\u001b[0m\n\n"}
{"$message_type":"diagnostic","message":"no global memory allocator found but one is required; link to std or add `#[global_allocator]` to a static item that implements the GlobalAlloc trait","code":null,"level":"error","spans":[],"children":[],"rendered":"\u001b[1m\u001b[91merror\u001b[0m\u001b[1m\u001b[97m: no global memory allocator found but one is required; link to std or add `#[global_allocator]` to a static item that implements the GlobalAlloc trait\u001b[0m\n\n"}
{"$message_type":"diagnostic","message":"`#[panic_handler]` function required, but not found","code":null,"level":"error","spans":[],"children":[],"rendered":"\u001b[1m\u001b[91merror\u001b[0m\u001b[1m\u001b[97m: `#[panic_handler]` function required, but not found\u001b[0m\n\n"}
{"$message_type":"diagnostic","message":"no method named `to_string` found for reference `&'static str` in the current scope","code":{"code":"E0599","explanation":"This error occurs when a method is used on a type which doesn't implement it:\n\nErroneous code example:\n\n```compile_fail,E0599\nstruct Mouth;\n\nlet x = Mouth;\nx.chocolate(); // error: no method named `chocolate` found for type `Mouth`\n               //        in the current scope\n```\n\nIn this case, you need to implement the `chocolate` method to fix the error:\n\n```\nstruct Mouth;\n\nimpl Mouth {\n    fn chocolate(&self) { // We implement the `chocolate` method here.\n        println!(\"Hmmm! I love chocolate!\");\n    }\n}\n\nlet x = Mouth;\nx.chocolate(); // ok!\n```\n"},"level":"error","spans":[{"file_name":"groves\\glimmer_weave\\tests\\interpreter_tests.rs","byte_start":1212,"byte_end":1221,"line_start":39,"line_end":39,"column_start":51,"column_end":60,"is_primary":true,"text":[{"text":"    assert_eval(r#\"\"hello\"\"#, Value::Text(\"hello\".to_string()));","highlight_start":51,"highlight_end":60}],"label":"method not found in `&'static str`","suggested_replacement":null,"suggestion_applicability":null,"expansion":null}],"children":[{"message":"items from traits can only be used if the trait is in scope","code":null,"level":"help","spans":[],"children":[],"rendered":null},{"message":"trait `ToString` which provides `to_string` is implemented but not in scope; perhaps you want to import it","code":null,"level":"help","spans":[{"file_name":"groves\\glimmer_weave\\tests\\interpreter_tests.rs","byte_start":134,"byte_end":134,"line_start":5,"line_end":5,"column_start":1,"column_end":1,"is_primary":true,"text":[{"text":"use glimmer_weave::{Lexer, Parser, Evaluator, Value};","highlight_start":1,"highlight_end":1}],"label":null,"suggested_replacement":"use alloc::string::ToString;\n","suggestion_applicability":"MaybeIncorrect","expansion":null}],"children":[],"rendered":null}],"rendered":"\u001b[1m\u001b[91merror[E0599]\u001b[0m\u001b[1m\u001b[97m: no method named `to_string` found for reference `&'static str` in the current scope\u001b[0m\n  \u001b[1m\u001b[96m--> \u001b[0mgroves\\glimmer_weave\\tests\\interpreter_tests.rs:39:51\n   \u001b[1m\u001b[96m|\u001b[0m\n\u001b[1m\u001b[96m39\u001b[0m \u001b[1m\u001b[96m|\u001b[0m     assert_eval(r#\"\"hello\"\"#, Value::Text(\"hello\".to_string()));\n   \u001b[1m\u001b[96m|\u001b[0m                                                   \u001b[1m\u001b[91m^^^^^^^^^\u001b[0m \u001b[1m\u001b[91mmethod not found in `&'static str`\u001b[0m\n   \u001b[1m\u001b[96m|\u001b[0m\n   \u001b[1m\u001b[96m= \u001b[0m\u001b[1m\u001b[97mhelp\u001b[0m: items from traits can only be used if the trait is in scope\n\u001b[1m\u001b[96mhelp\u001b[0m: trait `ToString` which provides `to_string` is implemented but not in scope; perhaps you want to import it\n   \u001b[1m\u001b[96m|\u001b[0m\n \u001b[1m\u001b[96m5\u001b[0m \u001b[92m+ use alloc::string::ToString;\u001b[0m\n   \u001b[1m\u001b[96m|\u001b[0m\n\n"}
{"$message_type":"diagnostic","message":"no method named `to_string` found for reference `&'static str` in the current scope","code":{"code":"E0599","explanation":"This error occurs when a method is used on a type which doesn't implement it:\n\nErroneous code example:\n\n```compile_fail,E0599\nstruct Mouth;\n\nlet x = Mouth;\nx.chocolate(); // error: no method named `chocolate` found for type `Mouth`\n               //        in the current scope\n```\n\nIn this case, you need to implement the `chocolate` method to fix the error:\n\n```\nstruct Mouth;\n\nimpl Mouth {\n    fn chocolate(&self) { // We implement the `chocolate` method here.\n        println!(\"Hmmm! I love chocolate!\");\n    }\n}\n\nlet x = Mouth;\nx.chocolate(); // ok!\n```\n"},"level":"error","spans":[{"file_name":"groves\\glimmer_weave\\tests\\interpreter_tests.rs","byte_start":1277,"byte_end":1286,"line_start":40,"line_end":40,"column_start":51,"column_end":60,"is_primary":true,"text":[{"text":"    assert_eval(r#\"\"world\"\"#, Value::Text(\"world\".to_string()));","highlight_start":51,"highlight_end":60}],"label":"method not found in `&'static str`","suggested_replacement":null,"suggestion_applicability":null,"expansion":null}],"children":[{"message":"items from traits can only be used if the trait is in scope","code":null,"level":"help","spans":[],"children":[],"rendered":null},{"message":"trait `ToString` which provides `to_string` is implemented but not in scope; perhaps you want to import it","code":null,"level":"help","spans":[{"file_name":"groves\\glimmer_weave\\tests\\interpreter_tests.rs","byte_start":134,"byte_end":134,"line_start":5,"line_end":5,"column_start":1,"column_end":1,"is_primary":true,"text":[{"text":"use glimmer_weave::{Lexer, Parser, Evaluator, Value};","highlight_start":1,"highlight_end":1}],"label":null,"suggested_replacement":"use alloc::string::ToString;\n","suggestion_applicability":"MaybeIncorrect","expansion":null}],"children":[],"rendered":null}],"rendered":"\u001b[1m\u001b[91merror[E0599]\u001b[0m\u001b[1m\u001b[97m: no method named `to_string` found for reference `&'static str` in the current scope\u001b[0m\n  \u001b[1m\u001b[96m--> \u001b[0mgroves\\glimmer_weave\\tests\\interpreter_tests.rs:40:51\n   \u001b[1m\u001b[96m|\u001b[0m\n\u001b[1m\u001b[96m40\u001b[0m \u001b[1m\u001b[96m|\u001b[0m     assert_eval(r#\"\"world\"\"#, Value::Text(\"world\".to_string()));\n   \u001b[1m\u001b[96m|\u001b[0m                                                   \u001b[1m\u001b[91m^^^^^^^^^\u001b[0m \u001b[1m\u001b[91mmethod not found in `&'static str`\u001b[0m\n   \u001b[1m\u001b[96m|\u001b[0m\n   \u001b[1m\u001b[96m= \u001b[0m\u001b[1m\u001b[97mhelp\u001b[0m: items from traits can only be used if the trait is in scope\n\u001b[1m\u001b[96mhelp\u001b[0m: trait `ToString` which provides `to_string` is implemented but not in scope; perhaps you want to import it\n   \u001b[1m\u001b[96m|\u001b[0m\n \u001b[1m\u001b[96m5\u001b[0m \u001b[92m+ use alloc::string::ToString;\u001b[0m\n   \u001b[1m\u001b[96m|\u001b[0m\n\n"}
{"$message_type":"diagnostic","message":"no method named `to_string` found for reference `&'static str` in the current scope","code":{"code":"E0599","explanation":"This error occurs when a method is used on a type which doesn't implement it:\n\nErroneous code example:\n\n```compile_fail,E0599\nstruct Mouth;\n\nlet x = Mouth;\nx.chocolate(); // error: no method named `chocolate` found for type `Mouth`\n               //        in the current scope\n```\n\nIn this case, you need to implement the `chocolate` method to fix the error:\n\n```\nstruct Mouth;\n\nimpl Mouth {\n    fn chocolate(&self) { // We implement the `chocolate` method here.\n        println!(\"Hmmm! I love chocolate!\");\n    }\n}\n\nlet x = Mouth;\nx.chocolate(); // ok!\n```\n"},"level":"error","spans":[{"file_name":"groves\\glimmer_weave\\tests\\interpreter_tests.rs","byte_start":1332,"byte_end":1341,"line_start":41,"line_end":41,"column_start":41,"column_end":50,"is_primary":true,"text":[{"text":"    assert_eval(r#\"\"\"\"#, Value::Text(\"\".to_string()));","highlight_start":41,"highlight_end":50}],"label":"method not found in `&'static str`","suggested_replacement":null,"suggestion_applicability":null,"expansion":null}],"children":[{"message":"items from traits can only be used if the trait is in scope","code":null,"level":"help","spans":[],"children":[],"rendered":null},{"message":"trait `ToString` which provides `to_string` is implemented but not in scope; perhaps you want to import it","code":null,"level":"help","spans":[{"file_name":"groves\\glimmer_weave\\tests\\interpreter_tests.rs","byte_start":134,"byte_end":134,"line_start":5,"line_end":5,"column_start":1,"column_end":1,"is_primary":true,"text":[{"text":"use glimmer_weave::{Lexer, Parser, Evaluator, Value};","highlight_start":1,"highlight_end":1}],"label":null,"suggested_replacement":"use alloc::string::ToString;\n","suggestion_applicability":"MaybeIncorrect","expansion":null}],"children":[],"rendered":null}],"rendered":"\u001b[1m\u001b[91merror[E0599]\u001b[0m\u001b[1m\u001b[97m: no method named `to_string` found for reference `&'static str` in the current scope\u001b[0m\n  \u001b[1m\u001b[96m--> \u001b[0mgroves\\glimmer_weave\\tests\\interpreter_tests.rs:41:41\n   \u001b[1m\u001b[96m|\u001b[0m\n\u001b[1m\u001b[96m41\u001b[0m \u001b[1m\u001b[96m|\u001b[0m     assert_eval(r#\"\"\"\"#, Value::Text(\"\".to_string()));\n   \u001b[1m\u001b[96m|\u001b[0m                                         \u001b[1m\u001b[91m^^^^^^^^^\u001b[0m \u001b[1m\u001b[91mmethod not found in `&'static str`\u001b[0m\n   \u001b[1m\u001b[96m|\u001b[0m\n   \u001b[1m\u001b[96m= \u001b[0m\u001b[1m\u001b[97mhelp\u001b[0m: items from traits can only be used if the trait is in scope\n\u001b[1m\u001b[96mhelp\u001b[0m: trait `ToString` which provides `to_string` is implemented but not in scope; perhaps you want to import it\n   \u001b[1m\u001b[96m|\u001b[0m\n \u001b[1m\u001b[96m5\u001b[0m \u001b[92m+ use alloc::string::ToString;\u001b[0m\n   \u001b[1m\u001b[96m|\u001b[0m\n\n"}
{"$message_type":"diagnostic","message":"no method named `to_string` found for reference `&'static str` in the current scope","code":{"code":"E0599","explanation":"This error occurs when a method is used on a type which doesn't implement it:\n\nErroneous code example:\n\n```compile_fail,E0599\nstruct Mouth;\n\nlet x = Mouth;\nx.chocolate(); // error: no method named `chocolate` found for type `Mouth`\n               //        in the current scope\n```\n\nIn this case, you need to implement the `chocolate` method to fix the error:\n\n```\nstruct Mouth;\n\nimpl Mouth {\n    fn chocolate(&self) { // We implement the `chocolate` method here.\n        println!(\"Hmmm! I love chocolate!\");\n    }\n}\n\nlet x = Mouth;\nx.chocolate(); // ok!\n```\n"},"level":"error","spans":[{"file_name":"groves\\glimmer_weave\\tests\\interpreter_tests.rs","byte_start":2126,"byte_end":2135,"line_start":72,"line_end":72,"column_start":73,"column_end":82,"is_primary":true,"text":[{"text":"    assert_eval(r#\"\"hello\" + \" \" + \"world\"\"#, Value::Text(\"hello world\".to_string()));","highlight_start":73,"highlight_end":82}],"label":"method not found in `&'static str`","suggested_replacement":null,"suggestion_applicability":null,"expansion":null}],"children":[{"message":"items from traits can only be used if the trait is in scope","code":null,"level":"help","spans":[],"children":[],"rendered":null},{"message":"trait `ToString` which provides `to_string` is implemented but not in scope; perhaps you want to import it","code":null,"level":"help","spans":[{"file_name":"groves\\glimmer_weave\\tests\\interpreter_tests.rs","byte_start":134,"byte_end":134,"line_start":5,"line_end":5,"column_start":1,"column_end":1,"is_primary":true,"text":[{"text":"use glimmer_weave::{Lexer, Parser, Evaluator, Value};","highlight_start":1,"highlight_end":1}],"label":null,"suggested_replacement":"use alloc::string::ToString;\n","suggestion_applicability":"MaybeIncorrect","expansion":null}],"children":[],"rendered":null}],"rendered":"\u001b[1m\u001b[91merror[E0599]\u001b[0m\u001b[1m\u001b[97m: no method named `to_string` found for reference `&'static str` in the current scope\u001b[0m\n  \u001b[1m\u001b[96m--> \u001b[0mgroves\\glimmer_weave\\tests\\interpreter_tests.rs:72:73\n   \u001b[1m\u001b[96m|\u001b[0m\n\u001b[1m\u001b[96m72\u001b[0m \u001b[1m\u001b[96m|\u001b[0m     assert_eval(r#\"\"hello\" + \" \" + \"world\"\"#, Value::Text(\"hello world\".to_string()));\n   \u001b[1m\u001b[96m|\u001b[0m                                                                         \u001b[1m\u001b[91m^^^^^^^^^\u001b[0m \u001b[1m\u001b[91mmethod not found in `&'static str`\u001b[0m\n   \u001b[1m\u001b[96m|\u001b[0m\n   \u001b[1m\u001b[96m= \u001b[0m\u001b[1m\u001b[97mhelp\u001b[0m: items from traits can only be used if the trait is in scope\n\u001b[1m\u001b[96mhelp\u001b[0m: trait `ToString` which provides `to_string` is implemented but not in scope; perhaps you want to import it\n   \u001b[1m\u001b[96m|\u001b[0m\n \u001b[1m\u001b[96m5\u001b[0m \u001b[92m+ use alloc::string::ToString;\u001b[0m\n   \u001b[1m\u001b[96m|\u001b[0m\n\n"}
{"$message_type":"diagnostic","message":"no method named `to_string` found for reference `&'static str` in the current scope","code":{"code":"E0599","explanation":"This error occurs when a method is used on a type which doesn't implement it:\n\nErroneous code example:\n\n```compile_fail,E0599\nstruct Mouth;\n\nlet x = Mouth;\nx.chocolate(); // error: no method named `chocolate` found for type `Mouth`\n               //        in the current scope\n```\n\nIn this case, you need to implement the `chocolate` method to fix the error:\n\n```\nstruct Mouth;\n\nimpl Mouth {\n    fn chocolate(&self) { // We implement the `chocolate` method here.\n        println!(\"Hmmm! I love chocolate!\");\n    }\n}\n\nlet x = Mouth;\nx.chocolate(); // ok!\n```\n"},"level":"error","spans":[{"file_name":"groves\\glimmer_weave\\tests\\interpreter_tests.rs","byte_start":6050,"byte_end":6059,"line_start":280,"line_end":280,"column_start":45,"column_end":54,"is_primary":true,"text":[{"text":"    assert_eval(source, Value::Text(\"Elara\".to_string()));","highlight_start":45,"highlight_end":54}],"label":"method not found in `&'static str`","suggested_replacement":null,"suggestion_applicability":null,"expansion":null}],"children":[{"message":"items from traits can only be used if the trait is in scope","code":null,"level":"help","spans":[],"children":[],"rendered":null},{"message":"trait `ToString` which provides `to_string` is implemented but not in scope; perhaps you want to import it","code":null,"level":"help","spans":[{"file_name":"groves\\glimmer_weave\\tests\\interpreter_tests.rs","byte_start":134,"byte_end":134,"line_start":5,"line_end":5,"column_start":1,"column_end":1,"is_primary":true,"text":[{"text":"use glimmer_weave::{Lexer, Parser, Evaluator, Value};","highlight_start":1,"highlight_end":1}],"label":null,"suggested_replacement":"use alloc::string::ToString;\n","suggestion_applicability":"MaybeIncorrect","expansion":null}],"children":[],"rendered":null}],"rendered":"\u001b[1m\u001b[91merror[E0599]\u001b[0m\u001b[1m\u001b[97m: no method named `to_string` found for reference `&'static str` in the current scope\u001b[0m\n   \u001b[1m\u001b[96m--> \u001b[0mgroves\\glimmer_weave\\tests\\interpreter_tests.rs:280:45\n    \u001b[1m\u001b[96m|\u001b[0m\n\u001b[1m\u001b[96m280\u001b[0m \u001b[1m\u001b[96m|\u001b[0m     assert_eval(source, Value::Text(\"Elara\".to_string()));\n    \u001b[1m\u001b[96m|\u001b[0m                                             \u001b[1m\u001b[91m^^^^^^^^^\u001b[0m \u001b[1m\u001b[91mmethod not found in `&'static str`\u001b[0m\n    \u001b[1m\u001b[96m|\u001b[0m\n    \u001b[1m\u001b[96m= \u001b[0m\u001b[1m\u001b[97mhelp\u001b[0m: items from traits can only be used if the trait is in scope\n\u001b[1m\u001b[96mhelp\u001b[0m: trait `ToString` which provides `to_string` is implemented but not in scope; perhaps you want to import it\n    \u001b[1m\u001b[96m|\u001b[0m\n  \u001b[1m\u001b[96m5\u001b[0m \u001b[92m+ use alloc::string::ToString;\u001b[0m\n    \u001b[1m\u001b[96m|\u001b[0m\n\n"}
{"$message_type":"diagnostic","message":"no method named `to_string` found for reference `&'static str` in the current scope","code":{"code":"E0599","explanation":"This error occurs when a method is used on a type which doesn't implement it:\n\nErroneous code example:\n\n```compile_fail,E0599\nstruct Mouth;\n\nlet x = Mouth;\nx.chocolate(); // error: no method named `chocolate` found for type `Mouth`\n               //        in the current scope\n```\n\nIn this case, you need to implement the `chocolate` method to fix the error:\n\n```\nstruct Mouth;\n\nimpl Mouth {\n    fn chocolate(&self) { // We implement the `chocolate` method here.\n        println!(\"Hmmm! I love chocolate!\");\n    }\n}\n\nlet x = Mouth;\nx.chocolate(); // ok!\n```\n"},"level":"error","spans":[{"file_name":"groves\\glimmer_weave\\tests\\interpreter_tests.rs","byte_start":6641,"byte_end":6650,"line_start":316,"line_end":316,"column_start":53,"column_end":62,"is_primary":true,"text":[{"text":"    assert_eval(source, Value::Text(\"Hello, World!\".to_string()));","highlight_start":53,"highlight_end":62}],"label":"method not found in `&'static str`","suggested_replacement":null,"suggestion_applicability":null,"expansion":null}],"children":[{"message":"items from traits can only be used if the trait is in scope","code":null,"level":"help","spans":[],"children":[],"rendered":null},{"message":"trait `ToString` which provides `to_string` is implemented but not in scope; perhaps you want to import it","code":null,"level":"help","spans":[{"file_name":"groves\\glimmer_weave\\tests\\interpreter_tests.rs","byte_start":134,"byte_end":134,"line_start":5,"line_end":5,"column_start":1,"column_end":1,"is_primary":true,"text":[{"text":"use glimmer_weave::{Lexer, Parser, Evaluator, Value};","highlight_start":1,"highlight_end":1}],"label":null,"suggested_replacement":"use alloc::string::ToString;\n","suggestion_applicability":"MaybeIncorrect","expansion":null}],"children":[],"rendered":null}],"rendered":"\u001b[1m\u001b[91merror[E0599]\u001b[0m\u001b[1m\u001b[97m: no method named `to_string` found for reference `&'static str` in the current scope\u001b[0m\n   \u001b[1m\u001b[96m--> \u001b[0mgroves\\glimmer_weave\\tests\\interpreter_tests.rs:316:53\n    \u001b[1m\u001b[96m|\u001b[0m\n\u001b[1m\u001b[96m316\u001b[0m \u001b[1m\u001b[96m|\u001b[0m     assert_eval(source, Value::Text(\"Hello, World!\".to_string()));\n    \u001b[1m\u001b[96m|\u001b[0m                                                     \u001b[1m\u001b[91m^^^^^^^^^\u001b[0m \u001b[1m\u001b[91mmethod not found in `&'static str`\u001b[0m\n    \u001b[1m\u001b[96m|\u001b[0m\n    \u001b[1m\u001b[96m= \u001b[0m\u001b[1m\u001b[97mhelp\u001b[0m: items from traits can only be used if the trait is in scope\n\u001b[1m\u001b[96mhelp\u001b[0m: trait `ToString` which provides `to_string` is implemented but not in scope; perhaps you want to import it\n    \u001b[1m\u001b[96m|\u001b[0m\n  \u001b[1m\u001b[96m5\u001b[0m \u001b[92m+ use alloc::string::ToString;\u001b[0m\n    \u001b[1m\u001b[96m|\u001b[0m\n\n"}
{"$message_type":"diagnostic","message":"aborting due to 70 previous errors","code":null,"level":"error","spans":[],"children":[],"rendered":"\u001b[1m\u001b[91merror\u001b[0m\u001b[1m\u001b[97m: aborting due to 70 previous errors\u001b[0m\n\n"}
{"$message_type":"diagnostic","message":"Some errors have detailed explanations: E0412, E0463, E0531, E0599.","code":null,"level":"failure-note","spans":[],"children":[],"rendered":"\u001b[1m\u001b[97mSome errors have detailed explanations: E0412, E0463, E0531, E0599.\u001b[0m\n"}
{"$message_type":"diagnostic","message":"For more information about an error, try `rustc --explain E0412`.","code":null,"level":"failure-note","spans":[],"children":[],"rendered":"\u001b[1m\u001b[97mFor more information about an error, try `rustc --explain E0412`.\u001b[0m\n"}
