{"$message_type":"diagnostic","message":"can't find crate for `std`","code":{"code":"E0463","explanation":"A crate was declared but cannot be found.\n\nErroneous code example:\n\n```compile_fail,E0463\nextern crate foo; // error: can't find crate\n```\n\nYou need to link your code to the relevant crate in order to be able to use it\n(through Cargo or the `-L` option of rustc, for example).\n\n## Common causes\n\n- The crate is not present at all. If using Cargo, add it to `[dependencies]`\n  in Cargo.toml.\n- The crate is present, but under a different name. If using Cargo, look for\n  `package = ` under `[dependencies]` in Cargo.toml.\n\n## Common causes for missing `std` or `core`\n\n- You are cross-compiling for a target which doesn't have `std` prepackaged.\n  Consider one of the following:\n  + Adding a pre-compiled version of std with `rustup target add`\n  + Building std from source with `cargo build -Z build-std`\n  + Using `#![no_std]` at the crate root, so you won't need `std` in the first\n    place.\n- You are developing the compiler itself and haven't built libstd from source.\n  You can usually build it with `x.py build library/std`. More information\n  about x.py is available in the [rustc-dev-guide].\n\n[rustc-dev-guide]: https://rustc-dev-guide.rust-lang.org/building/how-to-build-and-run.html#building-the-compiler\n"},"level":"error","spans":[{"file_name":"groves\\glimmer_weave\\test_while.rs","byte_start":0,"byte_end":0,"line_start":1,"line_end":1,"column_start":1,"column_end":1,"is_primary":true,"text":[],"label":"can't find crate","suggested_replacement":null,"suggestion_applicability":null,"expansion":null}],"children":[{"message":"the `x86_64-aethelos` target may not support the standard library","code":null,"level":"note","spans":[],"children":[],"rendered":null},{"message":"`std` is required by `test_while` because it does not declare `#![no_std]`","code":null,"level":"note","spans":[],"children":[],"rendered":null},{"message":"consider building the standard library from source with `cargo build -Zbuild-std`","code":null,"level":"help","spans":[],"children":[],"rendered":null}],"rendered":"\u001b[1m\u001b[91merror[E0463]\u001b[0m\u001b[1m\u001b[97m: can't find crate for `std`\u001b[0m\n  \u001b[1m\u001b[96m|\u001b[0m\n  \u001b[1m\u001b[96m= \u001b[0m\u001b[1m\u001b[97mnote\u001b[0m: the `x86_64-aethelos` target may not support the standard library\n  \u001b[1m\u001b[96m= \u001b[0m\u001b[1m\u001b[97mnote\u001b[0m: `std` is required by `test_while` because it does not declare `#![no_std]`\n  \u001b[1m\u001b[96m= \u001b[0m\u001b[1m\u001b[97mhelp\u001b[0m: consider building the standard library from source with `cargo build -Zbuild-std`\n\n"}
{"$message_type":"diagnostic","message":"cannot resolve a prelude import","code":null,"level":"error","spans":[{"file_name":"groves\\glimmer_weave\\test_while.rs","byte_start":0,"byte_end":0,"line_start":1,"line_end":1,"column_start":1,"column_end":1,"is_primary":true,"text":[],"label":null,"suggested_replacement":null,"suggestion_applicability":null,"expansion":null}],"children":[],"rendered":"\u001b[1m\u001b[91merror\u001b[0m\u001b[1m\u001b[97m: cannot resolve a prelude import\u001b[0m\n\n"}
{"$message_type":"diagnostic","message":"can't find crate for `test`","code":{"code":"E0463","explanation":"A crate was declared but cannot be found.\n\nErroneous code example:\n\n```compile_fail,E0463\nextern crate foo; // error: can't find crate\n```\n\nYou need to link your code to the relevant crate in order to be able to use it\n(through Cargo or the `-L` option of rustc, for example).\n\n## Common causes\n\n- The crate is not present at all. If using Cargo, add it to `[dependencies]`\n  in Cargo.toml.\n- The crate is present, but under a different name. If using Cargo, look for\n  `package = ` under `[dependencies]` in Cargo.toml.\n\n## Common causes for missing `std` or `core`\n\n- You are cross-compiling for a target which doesn't have `std` prepackaged.\n  Consider one of the following:\n  + Adding a pre-compiled version of std with `rustup target add`\n  + Building std from source with `cargo build -Z build-std`\n  + Using `#![no_std]` at the crate root, so you won't need `std` in the first\n    place.\n- You are developing the compiler itself and haven't built libstd from source.\n  You can usually build it with `x.py build library/std`. More information\n  about x.py is available in the [rustc-dev-guide].\n\n[rustc-dev-guide]: https://rustc-dev-guide.rust-lang.org/building/how-to-build-and-run.html#building-the-compiler\n"},"level":"error","spans":[{"file_name":"groves\\glimmer_weave\\test_while.rs","byte_start":0,"byte_end":0,"line_start":1,"line_end":1,"column_start":1,"column_end":1,"is_primary":true,"text":[],"label":"can't find crate","suggested_replacement":null,"suggestion_applicability":null,"expansion":null}],"children":[],"rendered":"\u001b[1m\u001b[91merror[E0463]\u001b[0m\u001b[1m\u001b[97m: can't find crate for `test`\u001b[0m\n\n"}
{"$message_type":"diagnostic","message":"cannot find macro `println` in this scope","code":null,"level":"error","spans":[{"file_name":"groves\\glimmer_weave\\test_while.rs","byte_start":1953,"byte_end":1960,"line_start":71,"line_end":71,"column_start":5,"column_end":12,"is_primary":true,"text":[{"text":"    println!(\"  • Conditional branching (should/otherwise)\");","highlight_start":5,"highlight_end":12}],"label":null,"suggested_replacement":null,"suggestion_applicability":null,"expansion":null}],"children":[],"rendered":"\u001b[1m\u001b[91merror\u001b[0m\u001b[1m\u001b[97m: cannot find macro `println` in this scope\u001b[0m\n  \u001b[1m\u001b[96m--> \u001b[0mgroves\\glimmer_weave\\test_while.rs:71:5\n   \u001b[1m\u001b[96m|\u001b[0m\n\u001b[1m\u001b[96m71\u001b[0m \u001b[1m\u001b[96m|\u001b[0m     println!(\"  • Conditional branching (should/otherwise)\");\n   \u001b[1m\u001b[96m|\u001b[0m     \u001b[1m\u001b[91m^^^^^^^\u001b[0m\n\n"}
{"$message_type":"diagnostic","message":"cannot find macro `println` in this scope","code":null,"level":"error","spans":[{"file_name":"groves\\glimmer_weave\\test_while.rs","byte_start":1901,"byte_end":1908,"line_start":70,"line_end":70,"column_start":5,"column_end":12,"is_primary":true,"text":[{"text":"    println!(\"  • Recursion (chant with yield)\");","highlight_start":5,"highlight_end":12}],"label":null,"suggested_replacement":null,"suggestion_applicability":null,"expansion":null}],"children":[],"rendered":"\u001b[1m\u001b[91merror\u001b[0m\u001b[1m\u001b[97m: cannot find macro `println` in this scope\u001b[0m\n  \u001b[1m\u001b[96m--> \u001b[0mgroves\\glimmer_weave\\test_while.rs:70:5\n   \u001b[1m\u001b[96m|\u001b[0m\n\u001b[1m\u001b[96m70\u001b[0m \u001b[1m\u001b[96m|\u001b[0m     println!(\"  • Recursion (chant with yield)\");\n   \u001b[1m\u001b[96m|\u001b[0m     \u001b[1m\u001b[91m^^^^^^^\u001b[0m\n\n"}
{"$message_type":"diagnostic","message":"cannot find macro `println` in this scope","code":null,"level":"error","spans":[{"file_name":"groves\\glimmer_weave\\test_while.rs","byte_start":1853,"byte_end":1860,"line_start":69,"line_end":69,"column_start":5,"column_end":12,"is_primary":true,"text":[{"text":"    println!(\"  • Unbounded loops (whilst)\");","highlight_start":5,"highlight_end":12}],"label":null,"suggested_replacement":null,"suggestion_applicability":null,"expansion":null}],"children":[],"rendered":"\u001b[1m\u001b[91merror\u001b[0m\u001b[1m\u001b[97m: cannot find macro `println` in this scope\u001b[0m\n  \u001b[1m\u001b[96m--> \u001b[0mgroves\\glimmer_weave\\test_while.rs:69:5\n   \u001b[1m\u001b[96m|\u001b[0m\n\u001b[1m\u001b[96m69\u001b[0m \u001b[1m\u001b[96m|\u001b[0m     println!(\"  • Unbounded loops (whilst)\");\n   \u001b[1m\u001b[96m|\u001b[0m     \u001b[1m\u001b[91m^^^^^^^\u001b[0m\n\n"}
{"$message_type":"diagnostic","message":"cannot find macro `println` in this scope","code":null,"level":"error","spans":[{"file_name":"groves\\glimmer_weave\\test_while.rs","byte_start":1826,"byte_end":1833,"line_start":68,"line_end":68,"column_start":5,"column_end":12,"is_primary":true,"text":[{"text":"    println!(\"Features:\");","highlight_start":5,"highlight_end":12}],"label":null,"suggested_replacement":null,"suggestion_applicability":null,"expansion":null}],"children":[],"rendered":"\u001b[1m\u001b[91merror\u001b[0m\u001b[1m\u001b[97m: cannot find macro `println` in this scope\u001b[0m\n  \u001b[1m\u001b[96m--> \u001b[0mgroves\\glimmer_weave\\test_while.rs:68:5\n   \u001b[1m\u001b[96m|\u001b[0m\n\u001b[1m\u001b[96m68\u001b[0m \u001b[1m\u001b[96m|\u001b[0m     println!(\"Features:\");\n   \u001b[1m\u001b[96m|\u001b[0m     \u001b[1m\u001b[91m^^^^^^^\u001b[0m\n\n"}
{"$message_type":"diagnostic","message":"cannot find macro `println` in this scope","code":null,"level":"error","spans":[{"file_name":"groves\\glimmer_weave\\test_while.rs","byte_start":1761,"byte_end":1768,"line_start":67,"line_end":67,"column_start":5,"column_end":12,"is_primary":true,"text":[{"text":"    println!(\"\\n✨ Glimmer-Weave is now Turing complete! ✨\");","highlight_start":5,"highlight_end":12}],"label":null,"suggested_replacement":null,"suggestion_applicability":null,"expansion":null}],"children":[],"rendered":"\u001b[1m\u001b[91merror\u001b[0m\u001b[1m\u001b[97m: cannot find macro `println` in this scope\u001b[0m\n  \u001b[1m\u001b[96m--> \u001b[0mgroves\\glimmer_weave\\test_while.rs:67:5\n   \u001b[1m\u001b[96m|\u001b[0m\n\u001b[1m\u001b[96m67\u001b[0m \u001b[1m\u001b[96m|\u001b[0m     println!(\"\\n✨ Glimmer-Weave is now Turing complete! ✨\");\n   \u001b[1m\u001b[96m|\u001b[0m     \u001b[1m\u001b[91m^^^^^^^\u001b[0m\n\n"}
{"$message_type":"diagnostic","message":"cannot find macro `println` in this scope","code":null,"level":"error","spans":[{"file_name":"groves\\glimmer_weave\\test_while.rs","byte_start":1676,"byte_end":1683,"line_start":64,"line_end":64,"column_start":9,"column_end":16,"is_primary":true,"text":[{"text":"        println!(\"✗ Recursion test FAILED! Expected 120.0, got {:?}\", result2);","highlight_start":9,"highlight_end":16}],"label":null,"suggested_replacement":null,"suggestion_applicability":null,"expansion":null}],"children":[],"rendered":"\u001b[1m\u001b[91merror\u001b[0m\u001b[1m\u001b[97m: cannot find macro `println` in this scope\u001b[0m\n  \u001b[1m\u001b[96m--> \u001b[0mgroves\\glimmer_weave\\test_while.rs:64:9\n   \u001b[1m\u001b[96m|\u001b[0m\n\u001b[1m\u001b[96m64\u001b[0m \u001b[1m\u001b[96m|\u001b[0m         println!(\"✗ Recursion test FAILED! Expected 120.0, got {:?}\", result2);\n   \u001b[1m\u001b[96m|\u001b[0m         \u001b[1m\u001b[91m^^^^^^^\u001b[0m\n\n"}
{"$message_type":"diagnostic","message":"cannot find macro `println` in this scope","code":null,"level":"error","spans":[{"file_name":"groves\\glimmer_weave\\test_while.rs","byte_start":1604,"byte_end":1611,"line_start":62,"line_end":62,"column_start":9,"column_end":16,"is_primary":true,"text":[{"text":"        println!(\"✓ Recursion test PASSED! (5! = 120)\");","highlight_start":9,"highlight_end":16}],"label":null,"suggested_replacement":null,"suggestion_applicability":null,"expansion":null}],"children":[],"rendered":"\u001b[1m\u001b[91merror\u001b[0m\u001b[1m\u001b[97m: cannot find macro `println` in this scope\u001b[0m\n  \u001b[1m\u001b[96m--> \u001b[0mgroves\\glimmer_weave\\test_while.rs:62:9\n   \u001b[1m\u001b[96m|\u001b[0m\n\u001b[1m\u001b[96m62\u001b[0m \u001b[1m\u001b[96m|\u001b[0m         println!(\"✓ Recursion test PASSED! (5! = 120)\");\n   \u001b[1m\u001b[96m|\u001b[0m         \u001b[1m\u001b[91m^^^^^^^\u001b[0m\n\n"}
{"$message_type":"diagnostic","message":"cannot find macro `println` in this scope","code":null,"level":"error","spans":[{"file_name":"groves\\glimmer_weave\\test_while.rs","byte_start":1518,"byte_end":1525,"line_start":59,"line_end":59,"column_start":5,"column_end":12,"is_primary":true,"text":[{"text":"    println!(\"Result = {:?}\", result2);","highlight_start":5,"highlight_end":12}],"label":null,"suggested_replacement":null,"suggestion_applicability":null,"expansion":null}],"children":[],"rendered":"\u001b[1m\u001b[91merror\u001b[0m\u001b[1m\u001b[97m: cannot find macro `println` in this scope\u001b[0m\n  \u001b[1m\u001b[96m--> \u001b[0mgroves\\glimmer_weave\\test_while.rs:59:5\n   \u001b[1m\u001b[96m|\u001b[0m\n\u001b[1m\u001b[96m59\u001b[0m \u001b[1m\u001b[96m|\u001b[0m     println!(\"Result = {:?}\", result2);\n   \u001b[1m\u001b[96m|\u001b[0m     \u001b[1m\u001b[91m^^^^^^^\u001b[0m\n\n"}
{"$message_type":"diagnostic","message":"cannot find macro `println` in this scope","code":null,"level":"error","spans":[{"file_name":"groves\\glimmer_weave\\test_while.rs","byte_start":1025,"byte_end":1032,"line_start":40,"line_end":40,"column_start":5,"column_end":12,"is_primary":true,"text":[{"text":"    println!(\"\\nTesting recursion...\");","highlight_start":5,"highlight_end":12}],"label":null,"suggested_replacement":null,"suggestion_applicability":null,"expansion":null}],"children":[],"rendered":"\u001b[1m\u001b[91merror\u001b[0m\u001b[1m\u001b[97m: cannot find macro `println` in this scope\u001b[0m\n  \u001b[1m\u001b[96m--> \u001b[0mgroves\\glimmer_weave\\test_while.rs:40:5\n   \u001b[1m\u001b[96m|\u001b[0m\n\u001b[1m\u001b[96m40\u001b[0m \u001b[1m\u001b[96m|\u001b[0m     println!(\"\\nTesting recursion...\");\n   \u001b[1m\u001b[96m|\u001b[0m     \u001b[1m\u001b[91m^^^^^^^\u001b[0m\n\n"}
{"$message_type":"diagnostic","message":"cannot find macro `println` in this scope","code":null,"level":"error","spans":[{"file_name":"groves\\glimmer_weave\\test_while.rs","byte_start":919,"byte_end":926,"line_start":36,"line_end":36,"column_start":9,"column_end":16,"is_primary":true,"text":[{"text":"        println!(\"✗ While loop test FAILED! Expected 15.0, got {:?}\", result);","highlight_start":9,"highlight_end":16}],"label":null,"suggested_replacement":null,"suggestion_applicability":null,"expansion":null}],"children":[],"rendered":"\u001b[1m\u001b[91merror\u001b[0m\u001b[1m\u001b[97m: cannot find macro `println` in this scope\u001b[0m\n  \u001b[1m\u001b[96m--> \u001b[0mgroves\\glimmer_weave\\test_while.rs:36:9\n   \u001b[1m\u001b[96m|\u001b[0m\n\u001b[1m\u001b[96m36\u001b[0m \u001b[1m\u001b[96m|\u001b[0m         println!(\"✗ While loop test FAILED! Expected 15.0, got {:?}\", result);\n   \u001b[1m\u001b[96m|\u001b[0m         \u001b[1m\u001b[91m^^^^^^^\u001b[0m\n\n"}
{"$message_type":"diagnostic","message":"cannot find macro `println` in this scope","code":null,"level":"error","spans":[{"file_name":"groves\\glimmer_weave\\test_while.rs","byte_start":840,"byte_end":847,"line_start":34,"line_end":34,"column_start":9,"column_end":16,"is_primary":true,"text":[{"text":"        println!(\"✓ While loop test PASSED! (5+4+3+2+1 = 15)\");","highlight_start":9,"highlight_end":16}],"label":null,"suggested_replacement":null,"suggestion_applicability":null,"expansion":null}],"children":[],"rendered":"\u001b[1m\u001b[91merror\u001b[0m\u001b[1m\u001b[97m: cannot find macro `println` in this scope\u001b[0m\n  \u001b[1m\u001b[96m--> \u001b[0mgroves\\glimmer_weave\\test_while.rs:34:9\n   \u001b[1m\u001b[96m|\u001b[0m\n\u001b[1m\u001b[96m34\u001b[0m \u001b[1m\u001b[96m|\u001b[0m         println!(\"✓ While loop test PASSED! (5+4+3+2+1 = 15)\");\n   \u001b[1m\u001b[96m|\u001b[0m         \u001b[1m\u001b[91m^^^^^^^\u001b[0m\n\n"}
{"$message_type":"diagnostic","message":"cannot find macro `println` in this scope","code":null,"level":"error","spans":[{"file_name":"groves\\glimmer_weave\\test_while.rs","byte_start":746,"byte_end":753,"line_start":31,"line_end":31,"column_start":5,"column_end":12,"is_primary":true,"text":[{"text":"    println!(\"Evaluator: Result = {:?}\", result);","highlight_start":5,"highlight_end":12}],"label":null,"suggested_replacement":null,"suggestion_applicability":null,"expansion":null}],"children":[],"rendered":"\u001b[1m\u001b[91merror\u001b[0m\u001b[1m\u001b[97m: cannot find macro `println` in this scope\u001b[0m\n  \u001b[1m\u001b[96m--> \u001b[0mgroves\\glimmer_weave\\test_while.rs:31:5\n   \u001b[1m\u001b[96m|\u001b[0m\n\u001b[1m\u001b[96m31\u001b[0m \u001b[1m\u001b[96m|\u001b[0m     println!(\"Evaluator: Result = {:?}\", result);\n   \u001b[1m\u001b[96m|\u001b[0m     \u001b[1m\u001b[91m^^^^^^^\u001b[0m\n\n"}
{"$message_type":"diagnostic","message":"cannot find macro `println` in this scope","code":null,"level":"error","spans":[{"file_name":"groves\\glimmer_weave\\test_while.rs","byte_start":589,"byte_end":596,"line_start":27,"line_end":27,"column_start":5,"column_end":12,"is_primary":true,"text":[{"text":"    println!(\"Parser: AST has {} nodes\", ast.len());","highlight_start":5,"highlight_end":12}],"label":null,"suggested_replacement":null,"suggestion_applicability":null,"expansion":null}],"children":[],"rendered":"\u001b[1m\u001b[91merror\u001b[0m\u001b[1m\u001b[97m: cannot find macro `println` in this scope\u001b[0m\n  \u001b[1m\u001b[96m--> \u001b[0mgroves\\glimmer_weave\\test_while.rs:27:5\n   \u001b[1m\u001b[96m|\u001b[0m\n\u001b[1m\u001b[96m27\u001b[0m \u001b[1m\u001b[96m|\u001b[0m     println!(\"Parser: AST has {} nodes\", ast.len());\n   \u001b[1m\u001b[96m|\u001b[0m     \u001b[1m\u001b[91m^^^^^^^\u001b[0m\n\n"}
{"$message_type":"diagnostic","message":"cannot find macro `println` in this scope","code":null,"level":"error","spans":[{"file_name":"groves\\glimmer_weave\\test_while.rs","byte_start":446,"byte_end":453,"line_start":23,"line_end":23,"column_start":5,"column_end":12,"is_primary":true,"text":[{"text":"    println!(\"Lexer: {} tokens\", tokens.len());","highlight_start":5,"highlight_end":12}],"label":null,"suggested_replacement":null,"suggestion_applicability":null,"expansion":null}],"children":[],"rendered":"\u001b[1m\u001b[91merror\u001b[0m\u001b[1m\u001b[97m: cannot find macro `println` in this scope\u001b[0m\n  \u001b[1m\u001b[96m--> \u001b[0mgroves\\glimmer_weave\\test_while.rs:23:5\n   \u001b[1m\u001b[96m|\u001b[0m\n\u001b[1m\u001b[96m23\u001b[0m \u001b[1m\u001b[96m|\u001b[0m     println!(\"Lexer: {} tokens\", tokens.len());\n   \u001b[1m\u001b[96m|\u001b[0m     \u001b[1m\u001b[91m^^^^^^^\u001b[0m\n\n"}
{"$message_type":"diagnostic","message":"cannot find macro `println` in this scope","code":null,"level":"error","spans":[{"file_name":"groves\\glimmer_weave\\test_while.rs","byte_start":173,"byte_end":180,"line_start":7,"line_end":7,"column_start":5,"column_end":12,"is_primary":true,"text":[{"text":"    println!(\"Testing while loop...\");","highlight_start":5,"highlight_end":12}],"label":null,"suggested_replacement":null,"suggestion_applicability":null,"expansion":null}],"children":[],"rendered":"\u001b[1m\u001b[91merror\u001b[0m\u001b[1m\u001b[97m: cannot find macro `println` in this scope\u001b[0m\n \u001b[1m\u001b[96m--> \u001b[0mgroves\\glimmer_weave\\test_while.rs:7:5\n  \u001b[1m\u001b[96m|\u001b[0m\n\u001b[1m\u001b[96m7\u001b[0m \u001b[1m\u001b[96m|\u001b[0m     println!(\"Testing while loop...\");\n  \u001b[1m\u001b[96m|\u001b[0m     \u001b[1m\u001b[91m^^^^^^^\u001b[0m\n\n"}
{"$message_type":"diagnostic","message":"no global memory allocator found but one is required; link to std or add `#[global_allocator]` to a static item that implements the GlobalAlloc trait","code":null,"level":"error","spans":[],"children":[],"rendered":"\u001b[1m\u001b[91merror\u001b[0m\u001b[1m\u001b[97m: no global memory allocator found but one is required; link to std or add `#[global_allocator]` to a static item that implements the GlobalAlloc trait\u001b[0m\n\n"}
{"$message_type":"diagnostic","message":"`#[panic_handler]` function required, but not found","code":null,"level":"error","spans":[],"children":[],"rendered":"\u001b[1m\u001b[91merror\u001b[0m\u001b[1m\u001b[97m: `#[panic_handler]` function required, but not found\u001b[0m\n\n"}
{"$message_type":"diagnostic","message":"aborting due to 20 previous errors","code":null,"level":"error","spans":[],"children":[],"rendered":"\u001b[1m\u001b[91merror\u001b[0m\u001b[1m\u001b[97m: aborting due to 20 previous errors\u001b[0m\n\n"}
{"$message_type":"diagnostic","message":"For more information about this error, try `rustc --explain E0463`.","code":null,"level":"failure-note","spans":[],"children":[],"rendered":"\u001b[1m\u001b[97mFor more information about this error, try `rustc --explain E0463`.\u001b[0m\n"}
